
*** Running vivado
    with args -log top.vds -m64 -product Vivado -mode batch -messageDb vivado.pb -notrace -source top.tcl



****** Vivado v2020.1 (64-bit)
  **** SW Build 2902540 on Wed May 27 19:54:49 MDT 2020
  **** IP Build 2902112 on Wed May 27 22:43:36 MDT 2020
    ** Copyright 1986-2020 Xilinx, Inc. All Rights Reserved.

source top.tcl -notrace
Command: synth_design -top top -part xc7a35tcpg236-1
Starting synth_design
Attempting to get a license for feature 'Synthesis' and/or device 'xc7a35t'
INFO: [Common 17-349] Got license for feature 'Synthesis' and/or device 'xc7a35t'
INFO: [Device 21-403] Loading part xc7a35tcpg236-1
INFO: [Synth 8-7079] Multithreading enabled for synth_design using a maximum of 2 processes.
INFO: [Synth 8-7078] Launching helper process for spawning children vivado processes
INFO: [Synth 8-7075] Helper process launched with PID 18048
---------------------------------------------------------------------------------
Starting RTL Elaboration : Time (s): cpu = 00:00:07 ; elapsed = 00:00:08 . Memory (MB): peak = 1029.465 ; gain = 0.000
---------------------------------------------------------------------------------
INFO: [Synth 8-6157] synthesizing module 'top' [C:/Users/andy3/Desktop/NeuralNetwork/code/top.v:1]
INFO: [Synth 8-6157] synthesizing module 'clock_divisor' [C:/Users/andy3/Desktop/NeuralNetwork/code/clock_divisor.v:1]
INFO: [Synth 8-6155] done synthesizing module 'clock_divisor' (1#1) [C:/Users/andy3/Desktop/NeuralNetwork/code/clock_divisor.v:1]
INFO: [Synth 8-6157] synthesizing module 'canvas' [C:/Users/andy3/Desktop/NeuralNetwork/code/canvas.v:1]
	Parameter IDLE bound to: 2'b00 
	Parameter PAINT bound to: 2'b01 
	Parameter ERASE bound to: 2'b10 
	Parameter CLEAR bound to: 2'b11 
	Parameter CANVAS_SIZE bound to: 10'b1100010000 
	Parameter LEFT_BOUND bound to: 0 - type: integer 
	Parameter RIGHT_BOUND bound to: 448 - type: integer 
	Parameter UPPER_BOUND bound to: 16 - type: integer 
	Parameter LOWER_BOUND bound to: 464 - type: integer 
	Parameter W bound to: 28 - type: integer 
INFO: [Synth 8-6155] done synthesizing module 'canvas' (2#1) [C:/Users/andy3/Desktop/NeuralNetwork/code/canvas.v:1]
INFO: [Synth 8-6157] synthesizing module 'mem_addr_gen' [C:/Users/andy3/Desktop/NeuralNetwork/code/mem_addr_gen.v:1]
	Parameter LEFT_BOUND bound to: 0 - type: integer 
	Parameter RIGHT_BOUND bound to: 448 - type: integer 
	Parameter UPPER_BOUND bound to: 16 - type: integer 
	Parameter LOWER_BOUND bound to: 464 - type: integer 
	Parameter W bound to: 28 - type: integer 
INFO: [Synth 8-6155] done synthesizing module 'mem_addr_gen' (3#1) [C:/Users/andy3/Desktop/NeuralNetwork/code/mem_addr_gen.v:1]
INFO: [Synth 8-638] synthesizing module 'blk_mem_gen_canvas' [c:/Users/andy3/Desktop/NeuralNetwork/Neural_Network/Neural_Network.srcs/sources_1/ip/blk_mem_gen_canvas/synth/blk_mem_gen_canvas.vhd:71]
	Parameter C_FAMILY bound to: artix7 - type: string 
	Parameter C_XDEVICEFAMILY bound to: artix7 - type: string 
	Parameter C_ELABORATION_DIR bound to: ./ - type: string 
	Parameter C_INTERFACE_TYPE bound to: 0 - type: integer 
	Parameter C_AXI_TYPE bound to: 1 - type: integer 
	Parameter C_AXI_SLAVE_TYPE bound to: 0 - type: integer 
	Parameter C_USE_BRAM_BLOCK bound to: 0 - type: integer 
	Parameter C_ENABLE_32BIT_ADDRESS bound to: 0 - type: integer 
	Parameter C_CTRL_ECC_ALGO bound to: NONE - type: string 
	Parameter C_HAS_AXI_ID bound to: 0 - type: integer 
	Parameter C_AXI_ID_WIDTH bound to: 4 - type: integer 
	Parameter C_MEM_TYPE bound to: 1 - type: integer 
	Parameter C_BYTE_SIZE bound to: 9 - type: integer 
	Parameter C_ALGORITHM bound to: 1 - type: integer 
	Parameter C_PRIM_TYPE bound to: 1 - type: integer 
	Parameter C_LOAD_INIT_FILE bound to: 0 - type: integer 
	Parameter C_INIT_FILE_NAME bound to: no_coe_file_loaded - type: string 
	Parameter C_INIT_FILE bound to: blk_mem_gen_canvas.mem - type: string 
	Parameter C_USE_DEFAULT_DATA bound to: 0 - type: integer 
	Parameter C_DEFAULT_DATA bound to: 0 - type: string 
	Parameter C_HAS_RSTA bound to: 0 - type: integer 
	Parameter C_RST_PRIORITY_A bound to: CE - type: string 
	Parameter C_RSTRAM_A bound to: 0 - type: integer 
	Parameter C_INITA_VAL bound to: 0 - type: string 
	Parameter C_HAS_ENA bound to: 0 - type: integer 
	Parameter C_HAS_REGCEA bound to: 0 - type: integer 
	Parameter C_USE_BYTE_WEA bound to: 0 - type: integer 
	Parameter C_WEA_WIDTH bound to: 1 - type: integer 
	Parameter C_WRITE_MODE_A bound to: NO_CHANGE - type: string 
	Parameter C_WRITE_WIDTH_A bound to: 1 - type: integer 
	Parameter C_READ_WIDTH_A bound to: 1 - type: integer 
	Parameter C_WRITE_DEPTH_A bound to: 784 - type: integer 
	Parameter C_READ_DEPTH_A bound to: 784 - type: integer 
	Parameter C_ADDRA_WIDTH bound to: 10 - type: integer 
	Parameter C_HAS_RSTB bound to: 0 - type: integer 
	Parameter C_RST_PRIORITY_B bound to: CE - type: string 
	Parameter C_RSTRAM_B bound to: 0 - type: integer 
	Parameter C_INITB_VAL bound to: 0 - type: string 
	Parameter C_HAS_ENB bound to: 0 - type: integer 
	Parameter C_HAS_REGCEB bound to: 0 - type: integer 
	Parameter C_USE_BYTE_WEB bound to: 0 - type: integer 
	Parameter C_WEB_WIDTH bound to: 1 - type: integer 
	Parameter C_WRITE_MODE_B bound to: WRITE_FIRST - type: string 
	Parameter C_WRITE_WIDTH_B bound to: 1 - type: integer 
	Parameter C_READ_WIDTH_B bound to: 1 - type: integer 
	Parameter C_WRITE_DEPTH_B bound to: 784 - type: integer 
	Parameter C_READ_DEPTH_B bound to: 784 - type: integer 
	Parameter C_ADDRB_WIDTH bound to: 10 - type: integer 
	Parameter C_HAS_MEM_OUTPUT_REGS_A bound to: 0 - type: integer 
	Parameter C_HAS_MEM_OUTPUT_REGS_B bound to: 1 - type: integer 
	Parameter C_HAS_MUX_OUTPUT_REGS_A bound to: 0 - type: integer 
	Parameter C_HAS_MUX_OUTPUT_REGS_B bound to: 0 - type: integer 
	Parameter C_MUX_PIPELINE_STAGES bound to: 0 - type: integer 
	Parameter C_HAS_SOFTECC_INPUT_REGS_A bound to: 0 - type: integer 
	Parameter C_HAS_SOFTECC_OUTPUT_REGS_B bound to: 0 - type: integer 
	Parameter C_USE_SOFTECC bound to: 0 - type: integer 
	Parameter C_USE_ECC bound to: 0 - type: integer 
	Parameter C_EN_ECC_PIPE bound to: 0 - type: integer 
	Parameter C_READ_LATENCY_A bound to: 1 - type: integer 
	Parameter C_READ_LATENCY_B bound to: 1 - type: integer 
	Parameter C_HAS_INJECTERR bound to: 0 - type: integer 
	Parameter C_SIM_COLLISION_CHECK bound to: ALL - type: string 
	Parameter C_COMMON_CLK bound to: 0 - type: integer 
	Parameter C_DISABLE_WARN_BHV_COLL bound to: 0 - type: integer 
	Parameter C_EN_SLEEP_PIN bound to: 0 - type: integer 
	Parameter C_USE_URAM bound to: 0 - type: integer 
	Parameter C_EN_RDADDRA_CHG bound to: 0 - type: integer 
	Parameter C_EN_RDADDRB_CHG bound to: 0 - type: integer 
	Parameter C_EN_DEEPSLEEP_PIN bound to: 0 - type: integer 
	Parameter C_EN_SHUTDOWN_PIN bound to: 0 - type: integer 
	Parameter C_EN_SAFETY_CKT bound to: 0 - type: integer 
	Parameter C_DISABLE_WARN_BHV_RANGE bound to: 0 - type: integer 
	Parameter C_COUNT_36K_BRAM bound to: 0 - type: string 
	Parameter C_COUNT_18K_BRAM bound to: 1 - type: string 
	Parameter C_EST_POWER_SUMMARY bound to: Estimated Power for IP     :     1.918297 mW - type: string 
INFO: [Synth 8-3491] module 'blk_mem_gen_v8_4_4' declared at 'c:/Users/andy3/Desktop/NeuralNetwork/Neural_Network/Neural_Network.srcs/sources_1/ip/blk_mem_gen_hidden_layer_weight_65x10/hdl/blk_mem_gen_v8_4_vhsyn_rfs.vhd:195321' bound to instance 'U0' of component 'blk_mem_gen_v8_4_4' [c:/Users/andy3/Desktop/NeuralNetwork/Neural_Network/Neural_Network.srcs/sources_1/ip/blk_mem_gen_canvas/synth/blk_mem_gen_canvas.vhd:239]
INFO: [Synth 8-256] done synthesizing module 'blk_mem_gen_canvas' (12#1) [c:/Users/andy3/Desktop/NeuralNetwork/Neural_Network/Neural_Network.srcs/sources_1/ip/blk_mem_gen_canvas/synth/blk_mem_gen_canvas.vhd:71]
INFO: [Synth 8-638] synthesizing module 'blk_mem_gen_input' [c:/Users/andy3/Desktop/NeuralNetwork/Neural_Network/Neural_Network.srcs/sources_1/ip/blk_mem_gen_input/synth/blk_mem_gen_input.vhd:71]
	Parameter C_FAMILY bound to: artix7 - type: string 
	Parameter C_XDEVICEFAMILY bound to: artix7 - type: string 
	Parameter C_ELABORATION_DIR bound to: ./ - type: string 
	Parameter C_INTERFACE_TYPE bound to: 0 - type: integer 
	Parameter C_AXI_TYPE bound to: 1 - type: integer 
	Parameter C_AXI_SLAVE_TYPE bound to: 0 - type: integer 
	Parameter C_USE_BRAM_BLOCK bound to: 0 - type: integer 
	Parameter C_ENABLE_32BIT_ADDRESS bound to: 0 - type: integer 
	Parameter C_CTRL_ECC_ALGO bound to: NONE - type: string 
	Parameter C_HAS_AXI_ID bound to: 0 - type: integer 
	Parameter C_AXI_ID_WIDTH bound to: 4 - type: integer 
	Parameter C_MEM_TYPE bound to: 1 - type: integer 
	Parameter C_BYTE_SIZE bound to: 9 - type: integer 
	Parameter C_ALGORITHM bound to: 1 - type: integer 
	Parameter C_PRIM_TYPE bound to: 1 - type: integer 
	Parameter C_LOAD_INIT_FILE bound to: 0 - type: integer 
	Parameter C_INIT_FILE_NAME bound to: no_coe_file_loaded - type: string 
	Parameter C_INIT_FILE bound to: blk_mem_gen_input.mem - type: string 
	Parameter C_USE_DEFAULT_DATA bound to: 0 - type: integer 
	Parameter C_DEFAULT_DATA bound to: 0 - type: string 
	Parameter C_HAS_RSTA bound to: 0 - type: integer 
	Parameter C_RST_PRIORITY_A bound to: CE - type: string 
	Parameter C_RSTRAM_A bound to: 0 - type: integer 
	Parameter C_INITA_VAL bound to: 0 - type: string 
	Parameter C_HAS_ENA bound to: 0 - type: integer 
	Parameter C_HAS_REGCEA bound to: 0 - type: integer 
	Parameter C_USE_BYTE_WEA bound to: 0 - type: integer 
	Parameter C_WEA_WIDTH bound to: 1 - type: integer 
	Parameter C_WRITE_MODE_A bound to: NO_CHANGE - type: string 
	Parameter C_WRITE_WIDTH_A bound to: 1 - type: integer 
	Parameter C_READ_WIDTH_A bound to: 1 - type: integer 
	Parameter C_WRITE_DEPTH_A bound to: 784 - type: integer 
	Parameter C_READ_DEPTH_A bound to: 784 - type: integer 
	Parameter C_ADDRA_WIDTH bound to: 10 - type: integer 
	Parameter C_HAS_RSTB bound to: 0 - type: integer 
	Parameter C_RST_PRIORITY_B bound to: CE - type: string 
	Parameter C_RSTRAM_B bound to: 0 - type: integer 
	Parameter C_INITB_VAL bound to: 0 - type: string 
	Parameter C_HAS_ENB bound to: 0 - type: integer 
	Parameter C_HAS_REGCEB bound to: 0 - type: integer 
	Parameter C_USE_BYTE_WEB bound to: 0 - type: integer 
	Parameter C_WEB_WIDTH bound to: 1 - type: integer 
	Parameter C_WRITE_MODE_B bound to: WRITE_FIRST - type: string 
	Parameter C_WRITE_WIDTH_B bound to: 1 - type: integer 
	Parameter C_READ_WIDTH_B bound to: 1 - type: integer 
	Parameter C_WRITE_DEPTH_B bound to: 784 - type: integer 
	Parameter C_READ_DEPTH_B bound to: 784 - type: integer 
	Parameter C_ADDRB_WIDTH bound to: 10 - type: integer 
	Parameter C_HAS_MEM_OUTPUT_REGS_A bound to: 0 - type: integer 
	Parameter C_HAS_MEM_OUTPUT_REGS_B bound to: 1 - type: integer 
	Parameter C_HAS_MUX_OUTPUT_REGS_A bound to: 0 - type: integer 
	Parameter C_HAS_MUX_OUTPUT_REGS_B bound to: 0 - type: integer 
	Parameter C_MUX_PIPELINE_STAGES bound to: 0 - type: integer 
	Parameter C_HAS_SOFTECC_INPUT_REGS_A bound to: 0 - type: integer 
	Parameter C_HAS_SOFTECC_OUTPUT_REGS_B bound to: 0 - type: integer 
	Parameter C_USE_SOFTECC bound to: 0 - type: integer 
	Parameter C_USE_ECC bound to: 0 - type: integer 
	Parameter C_EN_ECC_PIPE bound to: 0 - type: integer 
	Parameter C_READ_LATENCY_A bound to: 1 - type: integer 
	Parameter C_READ_LATENCY_B bound to: 1 - type: integer 
	Parameter C_HAS_INJECTERR bound to: 0 - type: integer 
	Parameter C_SIM_COLLISION_CHECK bound to: ALL - type: string 
	Parameter C_COMMON_CLK bound to: 0 - type: integer 
	Parameter C_DISABLE_WARN_BHV_COLL bound to: 0 - type: integer 
	Parameter C_EN_SLEEP_PIN bound to: 0 - type: integer 
	Parameter C_USE_URAM bound to: 0 - type: integer 
	Parameter C_EN_RDADDRA_CHG bound to: 0 - type: integer 
	Parameter C_EN_RDADDRB_CHG bound to: 0 - type: integer 
	Parameter C_EN_DEEPSLEEP_PIN bound to: 0 - type: integer 
	Parameter C_EN_SHUTDOWN_PIN bound to: 0 - type: integer 
	Parameter C_EN_SAFETY_CKT bound to: 0 - type: integer 
	Parameter C_DISABLE_WARN_BHV_RANGE bound to: 0 - type: integer 
	Parameter C_COUNT_36K_BRAM bound to: 0 - type: string 
	Parameter C_COUNT_18K_BRAM bound to: 1 - type: string 
	Parameter C_EST_POWER_SUMMARY bound to: Estimated Power for IP     :     1.918297 mW - type: string 
INFO: [Synth 8-3491] module 'blk_mem_gen_v8_4_4' declared at 'c:/Users/andy3/Desktop/NeuralNetwork/Neural_Network/Neural_Network.srcs/sources_1/ip/blk_mem_gen_hidden_layer_weight_65x10/hdl/blk_mem_gen_v8_4_vhsyn_rfs.vhd:195321' bound to instance 'U0' of component 'blk_mem_gen_v8_4_4' [c:/Users/andy3/Desktop/NeuralNetwork/Neural_Network/Neural_Network.srcs/sources_1/ip/blk_mem_gen_input/synth/blk_mem_gen_input.vhd:239]
INFO: [Synth 8-256] done synthesizing module 'blk_mem_gen_input' (13#1) [c:/Users/andy3/Desktop/NeuralNetwork/Neural_Network/Neural_Network.srcs/sources_1/ip/blk_mem_gen_input/synth/blk_mem_gen_input.vhd:71]
INFO: [Synth 8-6157] synthesizing module 'pixel_gen' [C:/Users/andy3/Desktop/NeuralNetwork/code/pixel_gen.v:1]
INFO: [Synth 8-6155] done synthesizing module 'pixel_gen' (14#1) [C:/Users/andy3/Desktop/NeuralNetwork/code/pixel_gen.v:1]
INFO: [Synth 8-6157] synthesizing module 'vga_controller' [C:/Users/andy3/Desktop/NeuralNetwork/code/vga.v:6]
INFO: [Synth 8-6155] done synthesizing module 'vga_controller' (15#1) [C:/Users/andy3/Desktop/NeuralNetwork/code/vga.v:6]
INFO: [Synth 8-6157] synthesizing module 'mouse' [C:/Users/andy3/Desktop/NeuralNetwork/code/Mouse.v:1]
INFO: [Synth 8-638] synthesizing module 'MouseCtl' [C:/Users/andy3/Desktop/NeuralNetwork/code/MouseCtl.vhd:209]
	Parameter SYSCLK_FREQUENCY_HZ bound to: 108000000 - type: integer 
	Parameter CHECK_PERIOD_MS bound to: 500 - type: integer 
	Parameter TIMEOUT_PERIOD_MS bound to: 100 - type: integer 
INFO: [Synth 8-3491] module 'Ps2Interface' declared at 'C:/Users/andy3/Desktop/NeuralNetwork/code/Ps2Interface.vhd:152' bound to instance 'Inst_Ps2Interface' of component 'Ps2Interface' [C:/Users/andy3/Desktop/NeuralNetwork/code/MouseCtl.vhd:371]
INFO: [Synth 8-638] synthesizing module 'Ps2Interface' [C:/Users/andy3/Desktop/NeuralNetwork/code/Ps2Interface.vhd:180]
INFO: [Synth 8-256] done synthesizing module 'Ps2Interface' (16#1) [C:/Users/andy3/Desktop/NeuralNetwork/code/Ps2Interface.vhd:180]
INFO: [Synth 8-256] done synthesizing module 'MouseCtl' (17#1) [C:/Users/andy3/Desktop/NeuralNetwork/code/MouseCtl.vhd:209]
WARNING: [Synth 8-689] width (10) of port connection 'xpos' does not match port width (12) of module 'MouseCtl' [C:/Users/andy3/Desktop/NeuralNetwork/code/Mouse.v:28]
WARNING: [Synth 8-689] width (10) of port connection 'ypos' does not match port width (12) of module 'MouseCtl' [C:/Users/andy3/Desktop/NeuralNetwork/code/Mouse.v:29]
INFO: [Synth 8-638] synthesizing module 'MouseDisplay' [C:/Users/andy3/Desktop/NeuralNetwork/code/MouseDisplay.vhd:129]
WARNING: [Synth 8-614] signal 'ypos' is read in the process but is not in the sensitivity list [C:/Users/andy3/Desktop/NeuralNetwork/code/MouseDisplay.vhd:197]
INFO: [Synth 8-256] done synthesizing module 'MouseDisplay' (18#1) [C:/Users/andy3/Desktop/NeuralNetwork/code/MouseDisplay.vhd:129]
INFO: [Synth 8-6155] done synthesizing module 'mouse' (19#1) [C:/Users/andy3/Desktop/NeuralNetwork/code/Mouse.v:1]
INFO: [Synth 8-6157] synthesizing module 'neural_network' [C:/Users/andy3/Desktop/NeuralNetwork/code/neural_network.v:1]
	Parameter WIDTH bound to: 16 - type: integer 
	Parameter INPUT_COUNT bound to: 784 - type: integer 
	Parameter HIDDEN_COUNT bound to: 64 - type: integer 
	Parameter OUTPUT_COUNT bound to: 10 - type: integer 
	Parameter ADDRESS_WIDTH bound to: 16 - type: integer 
	Parameter INPUT_LAYER_WEIGHT_COUNT bound to: 50240 - type: integer 
	Parameter HIDDEN_LAYER_WEIGHT_COUNT bound to: 650 - type: integer 
	Parameter RESET bound to: 3'b000 
	Parameter MULTI bound to: 3'b001 
	Parameter ACCUMULATE bound to: 3'b010 
	Parameter IDLE bound to: 3'b011 
INFO: [Synth 8-638] synthesizing module 'blk_mem_gen_input_layer_weight_785x64' [c:/Users/andy3/Desktop/NeuralNetwork/Neural_Network/Neural_Network.srcs/sources_1/ip/blk_mem_gen_input_layer_weight_785x64/synth/blk_mem_gen_input_layer_weight_785x64.vhd:69]
	Parameter C_FAMILY bound to: artix7 - type: string 
	Parameter C_XDEVICEFAMILY bound to: artix7 - type: string 
	Parameter C_ELABORATION_DIR bound to: ./ - type: string 
	Parameter C_INTERFACE_TYPE bound to: 0 - type: integer 
	Parameter C_AXI_TYPE bound to: 1 - type: integer 
	Parameter C_AXI_SLAVE_TYPE bound to: 0 - type: integer 
	Parameter C_USE_BRAM_BLOCK bound to: 0 - type: integer 
	Parameter C_ENABLE_32BIT_ADDRESS bound to: 0 - type: integer 
	Parameter C_CTRL_ECC_ALGO bound to: NONE - type: string 
	Parameter C_HAS_AXI_ID bound to: 0 - type: integer 
	Parameter C_AXI_ID_WIDTH bound to: 4 - type: integer 
	Parameter C_MEM_TYPE bound to: 0 - type: integer 
	Parameter C_BYTE_SIZE bound to: 9 - type: integer 
	Parameter C_ALGORITHM bound to: 1 - type: integer 
	Parameter C_PRIM_TYPE bound to: 1 - type: integer 
	Parameter C_LOAD_INIT_FILE bound to: 1 - type: integer 
	Parameter C_INIT_FILE_NAME bound to: blk_mem_gen_input_layer_weight_785x64.mif - type: string 
	Parameter C_INIT_FILE bound to: blk_mem_gen_input_layer_weight_785x64.mem - type: string 
	Parameter C_USE_DEFAULT_DATA bound to: 0 - type: integer 
	Parameter C_DEFAULT_DATA bound to: 0 - type: string 
	Parameter C_HAS_RSTA bound to: 0 - type: integer 
	Parameter C_RST_PRIORITY_A bound to: CE - type: string 
	Parameter C_RSTRAM_A bound to: 0 - type: integer 
	Parameter C_INITA_VAL bound to: 0 - type: string 
	Parameter C_HAS_ENA bound to: 0 - type: integer 
	Parameter C_HAS_REGCEA bound to: 0 - type: integer 
	Parameter C_USE_BYTE_WEA bound to: 0 - type: integer 
	Parameter C_WEA_WIDTH bound to: 1 - type: integer 
	Parameter C_WRITE_MODE_A bound to: WRITE_FIRST - type: string 
	Parameter C_WRITE_WIDTH_A bound to: 16 - type: integer 
	Parameter C_READ_WIDTH_A bound to: 16 - type: integer 
	Parameter C_WRITE_DEPTH_A bound to: 50240 - type: integer 
	Parameter C_READ_DEPTH_A bound to: 50240 - type: integer 
	Parameter C_ADDRA_WIDTH bound to: 16 - type: integer 
	Parameter C_HAS_RSTB bound to: 0 - type: integer 
	Parameter C_RST_PRIORITY_B bound to: CE - type: string 
	Parameter C_RSTRAM_B bound to: 0 - type: integer 
	Parameter C_INITB_VAL bound to: 0 - type: string 
	Parameter C_HAS_ENB bound to: 0 - type: integer 
	Parameter C_HAS_REGCEB bound to: 0 - type: integer 
	Parameter C_USE_BYTE_WEB bound to: 0 - type: integer 
	Parameter C_WEB_WIDTH bound to: 1 - type: integer 
	Parameter C_WRITE_MODE_B bound to: WRITE_FIRST - type: string 
	Parameter C_WRITE_WIDTH_B bound to: 16 - type: integer 
	Parameter C_READ_WIDTH_B bound to: 16 - type: integer 
	Parameter C_WRITE_DEPTH_B bound to: 50240 - type: integer 
	Parameter C_READ_DEPTH_B bound to: 50240 - type: integer 
	Parameter C_ADDRB_WIDTH bound to: 16 - type: integer 
	Parameter C_HAS_MEM_OUTPUT_REGS_A bound to: 1 - type: integer 
	Parameter C_HAS_MEM_OUTPUT_REGS_B bound to: 0 - type: integer 
	Parameter C_HAS_MUX_OUTPUT_REGS_A bound to: 0 - type: integer 
	Parameter C_HAS_MUX_OUTPUT_REGS_B bound to: 0 - type: integer 
	Parameter C_MUX_PIPELINE_STAGES bound to: 0 - type: integer 
	Parameter C_HAS_SOFTECC_INPUT_REGS_A bound to: 0 - type: integer 
	Parameter C_HAS_SOFTECC_OUTPUT_REGS_B bound to: 0 - type: integer 
	Parameter C_USE_SOFTECC bound to: 0 - type: integer 
	Parameter C_USE_ECC bound to: 0 - type: integer 
	Parameter C_EN_ECC_PIPE bound to: 0 - type: integer 
	Parameter C_READ_LATENCY_A bound to: 1 - type: integer 
	Parameter C_READ_LATENCY_B bound to: 1 - type: integer 
	Parameter C_HAS_INJECTERR bound to: 0 - type: integer 
	Parameter C_SIM_COLLISION_CHECK bound to: ALL - type: string 
	Parameter C_COMMON_CLK bound to: 0 - type: integer 
	Parameter C_DISABLE_WARN_BHV_COLL bound to: 0 - type: integer 
	Parameter C_EN_SLEEP_PIN bound to: 0 - type: integer 
	Parameter C_USE_URAM bound to: 0 - type: integer 
	Parameter C_EN_RDADDRA_CHG bound to: 0 - type: integer 
	Parameter C_EN_RDADDRB_CHG bound to: 0 - type: integer 
	Parameter C_EN_DEEPSLEEP_PIN bound to: 0 - type: integer 
	Parameter C_EN_SHUTDOWN_PIN bound to: 0 - type: integer 
	Parameter C_EN_SAFETY_CKT bound to: 0 - type: integer 
	Parameter C_DISABLE_WARN_BHV_RANGE bound to: 0 - type: integer 
	Parameter C_COUNT_36K_BRAM bound to: 20 - type: string 
	Parameter C_COUNT_18K_BRAM bound to: 9 - type: string 
	Parameter C_EST_POWER_SUMMARY bound to: Estimated Power for IP     :     16.679984 mW - type: string 
INFO: [Synth 8-3491] module 'blk_mem_gen_v8_4_4' declared at 'c:/Users/andy3/Desktop/NeuralNetwork/Neural_Network/Neural_Network.srcs/sources_1/ip/blk_mem_gen_hidden_layer_weight_65x10/hdl/blk_mem_gen_v8_4_vhsyn_rfs.vhd:195321' bound to instance 'U0' of component 'blk_mem_gen_v8_4_4' [c:/Users/andy3/Desktop/NeuralNetwork/Neural_Network/Neural_Network.srcs/sources_1/ip/blk_mem_gen_input_layer_weight_785x64/synth/blk_mem_gen_input_layer_weight_785x64.vhd:234]
INFO: [Synth 8-256] done synthesizing module 'blk_mem_gen_input_layer_weight_785x64' (23#1) [c:/Users/andy3/Desktop/NeuralNetwork/Neural_Network/Neural_Network.srcs/sources_1/ip/blk_mem_gen_input_layer_weight_785x64/synth/blk_mem_gen_input_layer_weight_785x64.vhd:69]
INFO: [Synth 8-6157] synthesizing module 'fixed_point_ADD' [C:/Users/andy3/Desktop/NeuralNetwork/code/fixed_point_ADD.v:1]
	Parameter WIDTH bound to: 16 - type: integer 
INFO: [Synth 8-6155] done synthesizing module 'fixed_point_ADD' (24#1) [C:/Users/andy3/Desktop/NeuralNetwork/code/fixed_point_ADD.v:1]
INFO: [Synth 8-638] synthesizing module 'blk_mem_gen_hidden_layer_weight_65x10' [c:/Users/andy3/Desktop/NeuralNetwork/Neural_Network/Neural_Network.srcs/sources_1/ip/blk_mem_gen_hidden_layer_weight_65x10/synth/blk_mem_gen_hidden_layer_weight_65x10.vhd:69]
	Parameter C_FAMILY bound to: artix7 - type: string 
	Parameter C_XDEVICEFAMILY bound to: artix7 - type: string 
	Parameter C_ELABORATION_DIR bound to: ./ - type: string 
	Parameter C_INTERFACE_TYPE bound to: 0 - type: integer 
	Parameter C_AXI_TYPE bound to: 1 - type: integer 
	Parameter C_AXI_SLAVE_TYPE bound to: 0 - type: integer 
	Parameter C_USE_BRAM_BLOCK bound to: 0 - type: integer 
	Parameter C_ENABLE_32BIT_ADDRESS bound to: 0 - type: integer 
	Parameter C_CTRL_ECC_ALGO bound to: NONE - type: string 
	Parameter C_HAS_AXI_ID bound to: 0 - type: integer 
	Parameter C_AXI_ID_WIDTH bound to: 4 - type: integer 
	Parameter C_MEM_TYPE bound to: 0 - type: integer 
	Parameter C_BYTE_SIZE bound to: 9 - type: integer 
	Parameter C_ALGORITHM bound to: 1 - type: integer 
	Parameter C_PRIM_TYPE bound to: 1 - type: integer 
	Parameter C_LOAD_INIT_FILE bound to: 1 - type: integer 
	Parameter C_INIT_FILE_NAME bound to: blk_mem_gen_hidden_layer_weight_65x10.mif - type: string 
	Parameter C_INIT_FILE bound to: blk_mem_gen_hidden_layer_weight_65x10.mem - type: string 
	Parameter C_USE_DEFAULT_DATA bound to: 0 - type: integer 
	Parameter C_DEFAULT_DATA bound to: 0 - type: string 
	Parameter C_HAS_RSTA bound to: 0 - type: integer 
	Parameter C_RST_PRIORITY_A bound to: CE - type: string 
	Parameter C_RSTRAM_A bound to: 0 - type: integer 
	Parameter C_INITA_VAL bound to: 0 - type: string 
	Parameter C_HAS_ENA bound to: 0 - type: integer 
	Parameter C_HAS_REGCEA bound to: 0 - type: integer 
	Parameter C_USE_BYTE_WEA bound to: 0 - type: integer 
	Parameter C_WEA_WIDTH bound to: 1 - type: integer 
	Parameter C_WRITE_MODE_A bound to: WRITE_FIRST - type: string 
	Parameter C_WRITE_WIDTH_A bound to: 16 - type: integer 
	Parameter C_READ_WIDTH_A bound to: 16 - type: integer 
	Parameter C_WRITE_DEPTH_A bound to: 650 - type: integer 
	Parameter C_READ_DEPTH_A bound to: 650 - type: integer 
	Parameter C_ADDRA_WIDTH bound to: 10 - type: integer 
	Parameter C_HAS_RSTB bound to: 0 - type: integer 
	Parameter C_RST_PRIORITY_B bound to: CE - type: string 
	Parameter C_RSTRAM_B bound to: 0 - type: integer 
	Parameter C_INITB_VAL bound to: 0 - type: string 
	Parameter C_HAS_ENB bound to: 0 - type: integer 
	Parameter C_HAS_REGCEB bound to: 0 - type: integer 
	Parameter C_USE_BYTE_WEB bound to: 0 - type: integer 
	Parameter C_WEB_WIDTH bound to: 1 - type: integer 
	Parameter C_WRITE_MODE_B bound to: WRITE_FIRST - type: string 
	Parameter C_WRITE_WIDTH_B bound to: 16 - type: integer 
	Parameter C_READ_WIDTH_B bound to: 16 - type: integer 
	Parameter C_WRITE_DEPTH_B bound to: 650 - type: integer 
	Parameter C_READ_DEPTH_B bound to: 650 - type: integer 
	Parameter C_ADDRB_WIDTH bound to: 10 - type: integer 
	Parameter C_HAS_MEM_OUTPUT_REGS_A bound to: 1 - type: integer 
	Parameter C_HAS_MEM_OUTPUT_REGS_B bound to: 0 - type: integer 
	Parameter C_HAS_MUX_OUTPUT_REGS_A bound to: 0 - type: integer 
	Parameter C_HAS_MUX_OUTPUT_REGS_B bound to: 0 - type: integer 
	Parameter C_MUX_PIPELINE_STAGES bound to: 0 - type: integer 
	Parameter C_HAS_SOFTECC_INPUT_REGS_A bound to: 0 - type: integer 
	Parameter C_HAS_SOFTECC_OUTPUT_REGS_B bound to: 0 - type: integer 
	Parameter C_USE_SOFTECC bound to: 0 - type: integer 
	Parameter C_USE_ECC bound to: 0 - type: integer 
	Parameter C_EN_ECC_PIPE bound to: 0 - type: integer 
	Parameter C_READ_LATENCY_A bound to: 1 - type: integer 
	Parameter C_READ_LATENCY_B bound to: 1 - type: integer 
	Parameter C_HAS_INJECTERR bound to: 0 - type: integer 
	Parameter C_SIM_COLLISION_CHECK bound to: ALL - type: string 
	Parameter C_COMMON_CLK bound to: 0 - type: integer 
	Parameter C_DISABLE_WARN_BHV_COLL bound to: 0 - type: integer 
	Parameter C_EN_SLEEP_PIN bound to: 0 - type: integer 
	Parameter C_USE_URAM bound to: 0 - type: integer 
	Parameter C_EN_RDADDRA_CHG bound to: 0 - type: integer 
	Parameter C_EN_RDADDRB_CHG bound to: 0 - type: integer 
	Parameter C_EN_DEEPSLEEP_PIN bound to: 0 - type: integer 
	Parameter C_EN_SHUTDOWN_PIN bound to: 0 - type: integer 
	Parameter C_EN_SAFETY_CKT bound to: 0 - type: integer 
	Parameter C_DISABLE_WARN_BHV_RANGE bound to: 0 - type: integer 
	Parameter C_COUNT_36K_BRAM bound to: 0 - type: string 
	Parameter C_COUNT_18K_BRAM bound to: 1 - type: string 
	Parameter C_EST_POWER_SUMMARY bound to: Estimated Power for IP     :     1.51805 mW - type: string 
INFO: [Synth 8-3491] module 'blk_mem_gen_v8_4_4' declared at 'c:/Users/andy3/Desktop/NeuralNetwork/Neural_Network/Neural_Network.srcs/sources_1/ip/blk_mem_gen_hidden_layer_weight_65x10/hdl/blk_mem_gen_v8_4_vhsyn_rfs.vhd:195321' bound to instance 'U0' of component 'blk_mem_gen_v8_4_4' [c:/Users/andy3/Desktop/NeuralNetwork/Neural_Network/Neural_Network.srcs/sources_1/ip/blk_mem_gen_hidden_layer_weight_65x10/synth/blk_mem_gen_hidden_layer_weight_65x10.vhd:234]
INFO: [Synth 8-256] done synthesizing module 'blk_mem_gen_hidden_layer_weight_65x10' (25#1) [c:/Users/andy3/Desktop/NeuralNetwork/Neural_Network/Neural_Network.srcs/sources_1/ip/blk_mem_gen_hidden_layer_weight_65x10/synth/blk_mem_gen_hidden_layer_weight_65x10.vhd:69]
WARNING: [Synth 8-689] width (16) of port connection 'addra' does not match port width (10) of module 'blk_mem_gen_hidden_layer_weight_65x10' [C:/Users/andy3/Desktop/NeuralNetwork/code/neural_network.v:232]
INFO: [Synth 8-6157] synthesizing module 'fixed_point_MUL' [C:/Users/andy3/Desktop/NeuralNetwork/code/fixed_point_MUL.v:1]
	Parameter WIDTH bound to: 16 - type: integer 
INFO: [Synth 8-6155] done synthesizing module 'fixed_point_MUL' (26#1) [C:/Users/andy3/Desktop/NeuralNetwork/code/fixed_point_MUL.v:1]
INFO: [Synth 8-6155] done synthesizing module 'neural_network' (27#1) [C:/Users/andy3/Desktop/NeuralNetwork/code/neural_network.v:1]
INFO: [Synth 8-6157] synthesizing module 'seven_segment_display' [C:/Users/andy3/Desktop/NeuralNetwork/code/SegmentDisplay.v:1]
INFO: [Synth 8-6155] done synthesizing module 'seven_segment_display' (28#1) [C:/Users/andy3/Desktop/NeuralNetwork/code/SegmentDisplay.v:1]
INFO: [Synth 8-6155] done synthesizing module 'top' (29#1) [C:/Users/andy3/Desktop/NeuralNetwork/code/top.v:1]
---------------------------------------------------------------------------------
Finished RTL Elaboration : Time (s): cpu = 00:01:06 ; elapsed = 00:01:08 . Memory (MB): peak = 1428.711 ; gain = 399.246
---------------------------------------------------------------------------------
---------------------------------------------------------------------------------
Start Handling Custom Attributes
---------------------------------------------------------------------------------
---------------------------------------------------------------------------------
Finished Handling Custom Attributes : Time (s): cpu = 00:01:07 ; elapsed = 00:01:09 . Memory (MB): peak = 1428.711 ; gain = 399.246
---------------------------------------------------------------------------------
---------------------------------------------------------------------------------
Finished RTL Optimization Phase 1 : Time (s): cpu = 00:01:07 ; elapsed = 00:01:09 . Memory (MB): peak = 1428.711 ; gain = 399.246
---------------------------------------------------------------------------------
Netlist sorting complete. Time (s): cpu = 00:00:00 ; elapsed = 00:00:00.162 . Memory (MB): peak = 1428.711 ; gain = 0.000
INFO: [Netlist 29-17] Analyzing 32 Unisim elements for replacement
INFO: [Netlist 29-28] Unisim Transformation completed in 1 CPU seconds
INFO: [Project 1-570] Preparing netlist for logic optimization

Processing XDC Constraints
Initializing timing engine
Parsing XDC File [C:/Users/andy3/Desktop/NeuralNetwork/code/Basys3_Master.xdc]
Finished Parsing XDC File [C:/Users/andy3/Desktop/NeuralNetwork/code/Basys3_Master.xdc]
INFO: [Project 1-236] Implementation specific constraints were found while reading constraint file [C:/Users/andy3/Desktop/NeuralNetwork/code/Basys3_Master.xdc]. These constraints will be ignored for synthesis but will be used in implementation. Impacted constraints are listed in the file [.Xil/top_propImpl.xdc].
Resolution: To avoid this warning, move constraints listed in [.Xil/top_propImpl.xdc] to another XDC file and exclude this new file from synthesis with the used_in_synthesis property (File Properties dialog in GUI) and re-run elaboration/synthesis.
Parsing XDC File [C:/Users/andy3/Desktop/NeuralNetwork/Neural_Network/Neural_Network.runs/synth_1/dont_touch.xdc]
Finished Parsing XDC File [C:/Users/andy3/Desktop/NeuralNetwork/Neural_Network/Neural_Network.runs/synth_1/dont_touch.xdc]
Completed Processing XDC Constraints

Netlist sorting complete. Time (s): cpu = 00:00:00 ; elapsed = 00:00:00.002 . Memory (MB): peak = 1428.711 ; gain = 0.000
INFO: [Project 1-111] Unisim Transformation Summary:
No Unisim elements were transformed.

Constraint Validation Runtime : Time (s): cpu = 00:00:00 ; elapsed = 00:00:00.111 . Memory (MB): peak = 1428.711 ; gain = 0.000
---------------------------------------------------------------------------------
Finished Constraint Validation : Time (s): cpu = 00:01:18 ; elapsed = 00:01:20 . Memory (MB): peak = 1428.711 ; gain = 399.246
---------------------------------------------------------------------------------
---------------------------------------------------------------------------------
Start Loading Part and Timing Information
---------------------------------------------------------------------------------
Loading part: xc7a35tcpg236-1
---------------------------------------------------------------------------------
Finished Loading Part and Timing Information : Time (s): cpu = 00:01:18 ; elapsed = 00:01:20 . Memory (MB): peak = 1428.711 ; gain = 399.246
---------------------------------------------------------------------------------
---------------------------------------------------------------------------------
Start Applying 'set_property' XDC Constraints
---------------------------------------------------------------------------------
Applied set_property DONT_TOUCH = true for NN/blk_mem_gen_hidden_layer_weight_65x10_inst. (constraint file  auto generated constraint, line ).
Applied set_property DONT_TOUCH = true for NN/blk_mem_gen_input_layer_weight_785x64_inst. (constraint file  auto generated constraint, line ).
Applied set_property DONT_TOUCH = true for blk_mem_gen_input_inst. (constraint file  auto generated constraint, line ).
Applied set_property DONT_TOUCH = true for blk_mem_gen_canvas_inst. (constraint file  auto generated constraint, line ).
---------------------------------------------------------------------------------
Finished applying 'set_property' XDC Constraints : Time (s): cpu = 00:01:18 ; elapsed = 00:01:20 . Memory (MB): peak = 1428.711 ; gain = 399.246
---------------------------------------------------------------------------------
INFO: [Synth 8-802] inferred FSM for state register 'state_reg' in module 'Ps2Interface'
INFO: [Synth 8-802] inferred FSM for state register 'state_reg' in module 'MouseCtl'
INFO: [Synth 8-802] inferred FSM for state register 'input_state_reg' in module 'neural_network'
INFO: [Synth 8-802] inferred FSM for state register 'hidden_state_reg' in module 'neural_network'
INFO: [Synth 8-802] inferred FSM for state register 'AN_reg' in module 'seven_segment_display'
---------------------------------------------------------------------------------------------------
                   State |                     New Encoding |                Previous Encoding 
---------------------------------------------------------------------------------------------------
                    idle |                00000000000000001 |                            00000
            rx_down_edge |                00000000000000010 |                            00011
                rx_clk_l |                00000000000000100 |                            00010
                rx_clk_h |                00000000000001000 |                            00001
         rx_error_parity |                00000000000010000 |                            00100
           rx_data_ready |                00000000000100000 |                            00101
          tx_force_clk_l |                00000000001000000 |                            00110
      tx_bring_data_down |                00000000010000000 |                            00111
          tx_release_clk |                00000000100000000 |                            01000
 tx_first_wait_down_edge |                00000001000000000 |                            01001
                tx_clk_l |                00000010000000000 |                            01010
         tx_wait_up_edge |                00000100000000000 |                            01011
tx_wait_up_edge_before_ack |                00001000000000000 |                            01101
             tx_wait_ack |                00010000000000000 |                            01110
         tx_received_ack |                00100000000000000 |                            01111
         tx_error_no_ack |                01000000000000000 |                            10000
                tx_clk_h |                10000000000000000 |                            01100
---------------------------------------------------------------------------------------------------
INFO: [Synth 8-3354] encoded FSM with state register 'state_reg' using encoding 'one-hot' in module 'Ps2Interface'
---------------------------------------------------------------------------------------------------
                   State |                     New Encoding |                Previous Encoding 
---------------------------------------------------------------------------------------------------
                   reset | 0000000000000000000000000000000000001 |                           000000
          reset_wait_ack | 0000000000000000000000000000000000010 |                           000001
reset_wait_bat_completion | 0000000000000000000000000000000000100 |                           000010
           reset_wait_id | 0000000000000000000000000000000001000 |                           000011
reset_set_sample_rate_200 | 0000000000000000000000000000000010000 |                           000100
reset_set_sample_rate_200_wait_ack | 0000000000000000000000000000000100000 |                           000101
reset_send_sample_rate_200 | 0000000000000000000000000000001000000 |                           000110
reset_send_sample_rate_200_wait_ack | 0000000000000000000000000000010000000 |                           000111
reset_set_sample_rate_100 | 0000000000000000000000000000100000000 |                           001000
reset_set_sample_rate_100_wait_ack | 0000000000000000000000000001000000000 |                           001001
reset_send_sample_rate_100 | 0000000000000000000000000010000000000 |                           001010
reset_send_sample_rate_100_wait_ack | 0000000000000000000000000100000000000 |                           001011
reset_set_sample_rate_80 | 0000000000000000000000001000000000000 |                           001100
reset_set_sample_rate_80_wait_ack | 0000000000000000000000010000000000000 |                           001101
reset_send_sample_rate_80 | 0000000000000000000000100000000000000 |                           001110
reset_send_sample_rate_80_wait_ack | 0000000000000000000001000000000000000 |                           001111
           reset_read_id | 0000000000000000000010000000000000000 |                           010000
  reset_read_id_wait_ack | 0000000000000000000100000000000000000 |                           010001
   reset_read_id_wait_id | 0000000000000000001000000000000000000 |                           010010
    reset_set_resolution | 0000000000000000010000000000000000000 |                           010011
reset_set_resolution_wait_ack | 0000000000000000100000000000000000000 |                           010100
   reset_send_resolution | 0000000000000001000000000000000000000 |                           010101
reset_send_resolution_wait_ack | 0000000000000010000000000000000000000 |                           010110
reset_set_sample_rate_40 | 0000000000000100000000000000000000000 |                           010111
reset_set_sample_rate_40_wait_ack | 0000000000001000000000000000000000000 |                           011000
reset_send_sample_rate_40 | 0000000000010000000000000000000000000 |                           011001
reset_send_sample_rate_40_wait_ack | 0000000000100000000000000000000000000 |                           011010
  reset_enable_reporting | 0000000001000000000000000000000000000 |                           011011
reset_enable_reporting_wait_ack | 0000000010000000000000000000000000000 |                           011100
             read_byte_1 | 0000000100000000000000000000000000000 |                           011101
             read_byte_2 | 0000001000000000000000000000000000000 |                           011110
             read_byte_3 | 0000010000000000000000000000000000000 |                           011111
             read_byte_4 | 0000100000000000000000000000000000000 |                           100000
          mark_new_event | 0001000000000000000000000000000000000 |                           100100
           check_read_id | 0010000000000000000000000000000000000 |                           100001
  check_read_id_wait_ack | 0100000000000000000000000000000000000 |                           100010
   check_read_id_wait_id | 1000000000000000000000000000000000000 |                           100011
---------------------------------------------------------------------------------------------------
INFO: [Synth 8-3354] encoded FSM with state register 'state_reg' using encoding 'one-hot' in module 'MouseCtl'
---------------------------------------------------------------------------------------------------
                   State |                     New Encoding |                Previous Encoding 
---------------------------------------------------------------------------------------------------
                 iSTATE1 |                              001 |                              000
                 iSTATE0 |                              010 |                              010
*
                  iSTATE |                              100 |                              011
---------------------------------------------------------------------------------------------------
INFO: [Synth 8-3354] encoded FSM with state register 'input_state_reg' using encoding 'one-hot' in module 'neural_network'
---------------------------------------------------------------------------------------------------
                   State |                     New Encoding |                Previous Encoding 
---------------------------------------------------------------------------------------------------
                 iSTATE1 |                              001 |                              000
                 iSTATE0 |                              010 |                              010
*
                  iSTATE |                              100 |                              011
---------------------------------------------------------------------------------------------------
INFO: [Synth 8-3354] encoded FSM with state register 'hidden_state_reg' using encoding 'one-hot' in module 'neural_network'
---------------------------------------------------------------------------------
Finished RTL Optimization Phase 2 : Time (s): cpu = 00:01:22 ; elapsed = 00:01:24 . Memory (MB): peak = 1428.711 ; gain = 399.246
---------------------------------------------------------------------------------
---------------------------------------------------------------------------------
Start RTL Component Statistics 
---------------------------------------------------------------------------------
Detailed RTL Component Info : 
+---Adders : 
	   2 Input   32 Bit       Adders := 2     
	   2 Input   26 Bit       Adders := 1     
	   2 Input   24 Bit       Adders := 1     
	   2 Input   16 Bit       Adders := 1     
	   3 Input   15 Bit       Adders := 4     
	   2 Input   15 Bit       Adders := 2     
	   3 Input   13 Bit       Adders := 2     
	   2 Input   12 Bit       Adders := 8     
	   2 Input   11 Bit       Adders := 1     
	   2 Input   10 Bit       Adders := 4     
	   2 Input    8 Bit       Adders := 1     
	   2 Input    7 Bit       Adders := 1     
	   2 Input    4 Bit       Adders := 3     
	   3 Input    4 Bit       Adders := 2     
+---XORs : 
	   2 Input      1 Bit         XORs := 1     
+---Registers : 
	              784 Bit    Registers := 1     
	               26 Bit    Registers := 1     
	               24 Bit    Registers := 1     
	               16 Bit    Registers := 77    
	               12 Bit    Registers := 7     
	               11 Bit    Registers := 2     
	               10 Bit    Registers := 4     
	                8 Bit    Registers := 4     
	                7 Bit    Registers := 1     
	                5 Bit    Registers := 3     
	                4 Bit    Registers := 5     
	                2 Bit    Registers := 2     
	                1 Bit    Registers := 39    
+---Muxes : 
	  37 Input   37 Bit        Muxes := 1     
	   2 Input   37 Bit        Muxes := 69    
	   2 Input   28 Bit        Muxes := 1     
	   2 Input   27 Bit        Muxes := 2     
	   2 Input   26 Bit        Muxes := 3     
	   2 Input   25 Bit        Muxes := 1     
	   2 Input   24 Bit        Muxes := 3     
	   2 Input   23 Bit        Muxes := 2     
	   2 Input   22 Bit        Muxes := 1     
	   2 Input   21 Bit        Muxes := 2     
	   2 Input   20 Bit        Muxes := 2     
	   2 Input   19 Bit        Muxes := 1     
	   2 Input   18 Bit        Muxes := 2     
	  17 Input   17 Bit        Muxes := 1     
	   2 Input   17 Bit        Muxes := 20    
	   2 Input   16 Bit        Muxes := 81    
	   3 Input   16 Bit        Muxes := 3     
	   4 Input   16 Bit        Muxes := 1     
	   2 Input   15 Bit        Muxes := 3     
	   3 Input   15 Bit        Muxes := 1     
	   4 Input   15 Bit        Muxes := 1     
	   2 Input   14 Bit        Muxes := 2     
	   2 Input   13 Bit        Muxes := 1     
	   2 Input   12 Bit        Muxes := 13    
	   2 Input   11 Bit        Muxes := 3     
	   2 Input   10 Bit        Muxes := 8     
	   2 Input    9 Bit        Muxes := 4     
	  37 Input    8 Bit        Muxes := 3     
	   2 Input    8 Bit        Muxes := 2     
	   2 Input    7 Bit        Muxes := 1     
	   2 Input    6 Bit        Muxes := 2     
	   2 Input    5 Bit        Muxes := 2     
	   2 Input    4 Bit        Muxes := 13    
	  37 Input    4 Bit        Muxes := 1     
	   4 Input    4 Bit        Muxes := 1     
	   3 Input    4 Bit        Muxes := 1     
	   3 Input    3 Bit        Muxes := 2     
	   2 Input    3 Bit        Muxes := 6     
	   4 Input    2 Bit        Muxes := 1     
	   3 Input    2 Bit        Muxes := 1     
	   2 Input    2 Bit        Muxes := 6     
	   4 Input    1 Bit        Muxes := 3     
	   2 Input    1 Bit        Muxes := 155   
	  17 Input    1 Bit        Muxes := 4     
	  37 Input    1 Bit        Muxes := 20    
	   3 Input    1 Bit        Muxes := 76    
---------------------------------------------------------------------------------
Finished RTL Component Statistics 
---------------------------------------------------------------------------------
---------------------------------------------------------------------------------
Start Part Resource Summary
---------------------------------------------------------------------------------
Part Resources:
DSPs: 90 (col length:60)
BRAMs: 100 (col length: RAMB18 60 RAMB36 30)
---------------------------------------------------------------------------------
Finished Part Resource Summary
---------------------------------------------------------------------------------
---------------------------------------------------------------------------------
Start Cross Boundary and Area Optimization
---------------------------------------------------------------------------------
DSP Report: Generating DSP input_write_addr0, operation Mode is: C+A*(B:0x1c).
DSP Report: operator input_write_addr0 is absorbed into DSP input_write_addr0.
DSP Report: operator input_write_addr1 is absorbed into DSP input_write_addr0.
DSP Report: Generating DSP pixel_addr0, operation Mode is: C+A*(B:0x1c).
DSP Report: operator pixel_addr0 is absorbed into DSP pixel_addr0.
DSP Report: operator pixel_addr1 is absorbed into DSP pixel_addr0.
DSP Report: Generating DSP FPM_inst/out0, operation Mode is: A*B.
DSP Report: operator FPM_inst/out0 is absorbed into DSP FPM_inst/out0.
---------------------------------------------------------------------------------
Finished Cross Boundary and Area Optimization : Time (s): cpu = 00:02:07 ; elapsed = 00:02:10 . Memory (MB): peak = 1428.711 ; gain = 399.246
---------------------------------------------------------------------------------
---------------------------------------------------------------------------------
Start ROM, RAM, DSP and Shift Register Reporting
---------------------------------------------------------------------------------

ROM: Preliminary Mapping	Report
+-------------+-----------------+---------------+----------------+
|Module Name  | RTL Object      | Depth x Width | Implemented As | 
+-------------+-----------------+---------------+----------------+
|MouseDisplay | mouserom[0]     | 256x2         | LUT            | 
|mouse        | MD1/mouserom[0] | 256x2         | LUT            | 
+-------------+-----------------+---------------+----------------+


DSP: Preliminary Mapping	Report (see note below)
+----------------+--------------+--------+--------+--------+--------+--------+------+------+------+------+-------+------+------+
|Module Name     | DSP Mapping  | A Size | B Size | C Size | D Size | P Size | AREG | BREG | CREG | DREG | ADREG | MREG | PREG | 
+----------------+--------------+--------+--------+--------+--------+--------+------+------+------+------+-------+------+------+
|canvas          | C+A*(B:0x1c) | 10     | 5      | 6      | -      | 10     | 0    | 0    | 0    | -    | -     | 0    | 0    | 
|mem_addr_gen    | C+A*(B:0x1c) | 10     | 5      | 6      | -      | 10     | 0    | 0    | 0    | -    | -     | 0    | 0    | 
|fixed_point_MUL | A*B          | 15     | 15     | -      | -      | 30     | 0    | 0    | -    | -    | -     | 0    | 0    | 
+----------------+--------------+--------+--------+--------+--------+--------+------+------+------+------+-------+------+------+

Note: The table above is a preliminary report that shows the DSPs inferred at the current stage of the synthesis flow. Some DSP may be reimplemented as non DSP primitives later in the synthesis flow. Multiple instantiated DSPs are reported only once.
---------------------------------------------------------------------------------
Finished ROM, RAM, DSP and Shift Register Reporting
---------------------------------------------------------------------------------
---------------------------------------------------------------------------------
Start Applying XDC Timing Constraints
---------------------------------------------------------------------------------
---------------------------------------------------------------------------------
Finished Applying XDC Timing Constraints : Time (s): cpu = 00:02:20 ; elapsed = 00:02:24 . Memory (MB): peak = 1428.711 ; gain = 399.246
---------------------------------------------------------------------------------
---------------------------------------------------------------------------------
Start Timing Optimization
---------------------------------------------------------------------------------
---------------------------------------------------------------------------------
Finished Timing Optimization : Time (s): cpu = 00:02:32 ; elapsed = 00:02:35 . Memory (MB): peak = 1428.711 ; gain = 399.246
---------------------------------------------------------------------------------
---------------------------------------------------------------------------------
Start Technology Mapping
---------------------------------------------------------------------------------
---------------------------------------------------------------------------------
Finished Technology Mapping : Time (s): cpu = 00:02:39 ; elapsed = 00:02:43 . Memory (MB): peak = 1428.711 ; gain = 399.246
---------------------------------------------------------------------------------
---------------------------------------------------------------------------------
Start IO Insertion
---------------------------------------------------------------------------------
---------------------------------------------------------------------------------
Start Flattening Before IO Insertion
---------------------------------------------------------------------------------
---------------------------------------------------------------------------------
Finished Flattening Before IO Insertion
---------------------------------------------------------------------------------
---------------------------------------------------------------------------------
Start Final Netlist Cleanup
---------------------------------------------------------------------------------
---------------------------------------------------------------------------------
Finished Final Netlist Cleanup
---------------------------------------------------------------------------------
---------------------------------------------------------------------------------
Finished IO Insertion : Time (s): cpu = 00:02:44 ; elapsed = 00:02:48 . Memory (MB): peak = 1428.711 ; gain = 399.246
---------------------------------------------------------------------------------
---------------------------------------------------------------------------------
Start Renaming Generated Instances
---------------------------------------------------------------------------------
---------------------------------------------------------------------------------
Finished Renaming Generated Instances : Time (s): cpu = 00:02:44 ; elapsed = 00:02:48 . Memory (MB): peak = 1428.711 ; gain = 399.246
---------------------------------------------------------------------------------
---------------------------------------------------------------------------------
Start Rebuilding User Hierarchy
---------------------------------------------------------------------------------
---------------------------------------------------------------------------------
Finished Rebuilding User Hierarchy : Time (s): cpu = 00:02:45 ; elapsed = 00:02:48 . Memory (MB): peak = 1428.711 ; gain = 399.246
---------------------------------------------------------------------------------
---------------------------------------------------------------------------------
Start Renaming Generated Ports
---------------------------------------------------------------------------------
---------------------------------------------------------------------------------
Finished Renaming Generated Ports : Time (s): cpu = 00:02:45 ; elapsed = 00:02:48 . Memory (MB): peak = 1428.711 ; gain = 399.246
---------------------------------------------------------------------------------
---------------------------------------------------------------------------------
Start Handling Custom Attributes
---------------------------------------------------------------------------------
---------------------------------------------------------------------------------
Finished Handling Custom Attributes : Time (s): cpu = 00:02:45 ; elapsed = 00:02:48 . Memory (MB): peak = 1428.711 ; gain = 399.246
---------------------------------------------------------------------------------
---------------------------------------------------------------------------------
Start Renaming Generated Nets
---------------------------------------------------------------------------------
---------------------------------------------------------------------------------
Finished Renaming Generated Nets : Time (s): cpu = 00:02:45 ; elapsed = 00:02:48 . Memory (MB): peak = 1428.711 ; gain = 399.246
---------------------------------------------------------------------------------
---------------------------------------------------------------------------------
Start Writing Synthesis Report
---------------------------------------------------------------------------------

Report BlackBoxes: 
+-+--------------+----------+
| |BlackBox name |Instances |
+-+--------------+----------+
+-+--------------+----------+

Report Cell Usage: 
+------+---------+------+
|      |Cell     |Count |
+------+---------+------+
|1     |BUFG     |     2|
|2     |CARRY4   |    98|
|3     |DSP48E1  |     3|
|5     |LUT1     |    40|
|6     |LUT2     |   197|
|7     |LUT3     |   162|
|8     |LUT4     |   264|
|9     |LUT5     |   750|
|10    |LUT6     |  2205|
|11    |MUXF7    |   432|
|12    |MUXF8    |   175|
|13    |RAMB18E1 |    12|
|24    |RAMB36E1 |    20|
|44    |FDCE     |  2071|
|45    |FDPE     |     4|
|46    |FDRE     |   322|
|47    |FDSE     |     2|
|48    |IBUF     |     2|
|49    |IOBUF    |     2|
|50    |OBUF     |    25|
+------+---------+------+
---------------------------------------------------------------------------------
Finished Writing Synthesis Report : Time (s): cpu = 00:02:45 ; elapsed = 00:02:48 . Memory (MB): peak = 1428.711 ; gain = 399.246
---------------------------------------------------------------------------------
Synthesis finished with 0 errors, 0 critical warnings and 0 warnings.
Synthesis Optimization Runtime : Time (s): cpu = 00:01:32 ; elapsed = 00:02:43 . Memory (MB): peak = 1428.711 ; gain = 399.246
Synthesis Optimization Complete : Time (s): cpu = 00:02:45 ; elapsed = 00:02:49 . Memory (MB): peak = 1428.711 ; gain = 399.246
INFO: [Project 1-571] Translating synthesized netlist
Netlist sorting complete. Time (s): cpu = 00:00:00 ; elapsed = 00:00:00.114 . Memory (MB): peak = 1428.711 ; gain = 0.000
INFO: [Netlist 29-17] Analyzing 742 Unisim elements for replacement
INFO: [Netlist 29-28] Unisim Transformation completed in 0 CPU seconds
INFO: [Project 1-570] Preparing netlist for logic optimization
INFO: [Opt 31-138] Pushed 0 inverter(s) to 0 load pin(s).
Netlist sorting complete. Time (s): cpu = 00:00:00 ; elapsed = 00:00:00.002 . Memory (MB): peak = 1428.711 ; gain = 0.000
INFO: [Project 1-111] Unisim Transformation Summary:
  A total of 2 instances were transformed.
  IOBUF => IOBUF (IBUF, OBUFT): 2 instances

INFO: [Common 17-83] Releasing license: Synthesis
67 Infos, 4 Warnings, 0 Critical Warnings and 0 Errors encountered.
synth_design completed successfully
synth_design: Time (s): cpu = 00:02:52 ; elapsed = 00:02:57 . Memory (MB): peak = 1428.711 ; gain = 399.246
INFO: [Common 17-1381] The checkpoint 'C:/Users/andy3/Desktop/NeuralNetwork/Neural_Network/Neural_Network.runs/synth_1/top.dcp' has been generated.
INFO: [runtcl-4] Executing : report_utilization -file top_utilization_synth.rpt -pb top_utilization_synth.pb
INFO: [Common 17-206] Exiting Vivado at Sun Aug 16 02:17:47 2020...
