#
# There is insufficient memory for the Java Runtime Environment to continue.
# Native memory allocation (malloc) failed to allocate 1677456 bytes for Chunk::new
# Possible reasons:
#   The system is out of physical RAM or swap space
#   The process is running with CompressedOops enabled, and the Java Heap may be blocking the growth of the native heap
# Possible solutions:
#   Reduce memory load on the system
#   Increase physical memory or swap space
#   Check if swap backing store is full
#   Decrease Java heap size (-Xmx/-Xms)
#   Decrease number of Java threads
#   Decrease Java thread stack sizes (-Xss)
#   Set larger code cache with -XX:ReservedCodeCacheSize=
#   JVM is running with Zero Based Compressed Oops mode in which the Java heap is
#     placed in the first 32GB address space. The Java Heap base address is the
#     maximum limit for the native heap growth. Please use -XX:HeapBaseMinAddress
#     to set the Java Heap base and to place the Java Heap above 32GB virtual address.
# This output file may be truncated or incomplete.
#
#  Out of Memory Error (t:/workspace/hotspot/src/share/vm/memory/allocation.cpp:372), pid=3956, tid=7244
#
# JRE version: Java(TM) SE Runtime Environment (9.0+11) (build 9.0.4+11)
# Java VM: Java HotSpot(TM) 64-Bit Server VM (9.0.4+11, mixed mode, tiered, compressed oops, g1 gc, windows-amd64)
# No core dump will be written. Minidumps are not enabled by default on client versions of Windows
#

---------------  S U M M A R Y ------------

Command Line: -Dsun.java2d.pmoffscreen=false -Dsun.java2d.xrender=false -Dsun.java2d.d3d=false -Dsun.awt.nopixfmt=true -Dsun.java2d.dpiaware=true -Dsun.java2d.uiScale.enabled=false -Xverify:none -Dswing.aatext=true -XX:-UsePerfData -Djdk.map.althashing.threshold=512 -XX:StringTableSize=4072 --add-opens=java.base/java.nio=ALL-UNNAMED --add-opens=java.desktop/sun.swing=ALL-UNNAMED --add-opens=java.desktop/javax.swing=ALL-UNNAMED --add-opens=java.desktop/javax.swing.tree=ALL-UNNAMED --add-opens=java.desktop/javax.swing.plaf.basic=ALL-UNNAMED --add-opens=java.desktop/javax.swing.plaf.synth=ALL-UNNAMED --add-opens=java.desktop/com.sun.awt=ALL-UNNAMED -XX:NewSize=60m -XX:MaxNewSize=60m -Xms128m -Xmx3072m -Xss5m 

Host: Intel(R) Core(TM) i7-4790 CPU @ 3.60GHz, 8 cores, 15G,  Windows 10 , 64 bit Build 18362 (10.0.18362.959)
Time: Fri Aug 07 20:40:12 2020 ¢Dx¢D_?D¡PCRE?! elapsed time: 2712 seconds (0d 0h 45m 12s)

---------------  T H R E A D  ---------------

Current thread (0x0000025cdbcea000):  JavaThread "C2 CompilerThread0" daemon [_thread_in_native, id=7244, stack(0x000000ebc3f00000,0x000000ebc4000000)]


Current CompileTask:
C2:2712679 18562   !   4       com.jidesoft.plaf.basic.BasicStyledLabelUI::internalPaintStyledText (3023 bytes)

Stack: [0x000000ebc3f00000,0x000000ebc4000000]
Native frames: (J=compiled Java code, j=interpreted, Vv=VM code, C=native code)
V  [jvm.dll+0x587068]

[error occurred during error reporting (printing native stack), id 0xe0000001]


---------------  P R O C E S S  ---------------

Java Threads: ( => current thread )
  0x0000025cde5fc800 JavaThread "Image Fetcher 3" daemon [_thread_blocked, id=4396, stack(0x000000ebca600000,0x000000ebcab00000)]
  0x0000025cde5fe000 JavaThread "Image Animator 3" daemon [_thread_blocked, id=9792, stack(0x000000ebcb900000,0x000000ebcbe00000)]
  0x0000025cfae46800 JavaThread "Thread-2135" [_thread_in_native, id=12692, stack(0x000000ebbfb00000,0x000000ebbfc00000)]
  0x0000025cfae4b800 JavaThread "Thread-2134" [_thread_in_native, id=10536, stack(0x000000ebcab00000,0x000000ebcac00000)]
  0x0000025cfae4c800 JavaThread "SyntheticaAnimation 50" daemon [_thread_blocked, id=3476, stack(0x000000ebc7b00000,0x000000ebc8000000)]
  0x0000025cfae48000 JavaThread "Update Runs Swing Worker Thread" [_thread_blocked, id=1552, stack(0x000000ebcb000000,0x000000ebcb500000)]
  0x0000025cfae47000 JavaThread "hw_ila_monitor" [_thread_blocked, id=9104, stack(0x000000ebc6200000,0x000000ebc6700000)]
  0x0000025cfae4a000 JavaThread "Refresh Filesets Swing Worker Thread" [_thread_blocked, id=9564, stack(0x000000ebca100000,0x000000ebca600000)]
  0x0000025cde5ff800 JavaThread "SyntheticaAnimation 70" daemon [_thread_blocked, id=5208, stack(0x000000ebc9c00000,0x000000ebca100000)]
  0x0000025cde5ff000 JavaThread "SyntheticaAnimation 25" daemon [_thread_blocked, id=10848, stack(0x000000ebc9200000,0x000000ebc9700000)]
  0x0000025cde5fb000 JavaThread "SyntheticaAnimation 50" daemon [_thread_blocked, id=11988, stack(0x000000ebc8d00000,0x000000ebc9200000)]
  0x0000025cde5fa800 JavaThread "Monitor HEventQueue Thread" [_thread_blocked, id=6512, stack(0x000000ebc8800000,0x000000ebc8d00000)]
  0x0000025cde5fd800 JavaThread "SyntheticaCleanerThread" daemon [_thread_blocked, id=1016, stack(0x000000ebc8000000,0x000000ebc8500000)]
  0x0000025cde601000 JavaThread "Batik CleanerThread" daemon [_thread_blocked, id=11928, stack(0x000000ebc7100000,0x000000ebc7600000)]
  0x0000025cdeaec000 JavaThread "Process Messages Thread" [_thread_blocked, id=7572, stack(0x000000ebc7600000,0x000000ebc7b00000)]
  0x0000025cefd92000 JavaThread "Thread-1" [_thread_in_native, id=15104, stack(0x000000ebbff00000,0x000000ebc1300000)]
  0x0000025cdd28b800 JavaThread "AWT-EventQueue-0" [_thread_blocked, id=4868, stack(0x000000ebc6c00000,0x000000ebc7100000)]
  0x0000025cf1397800 JavaThread "AWT-Shutdown" [_thread_blocked, id=13216, stack(0x000000ebc6700000,0x000000ebc6c00000)]
  0x0000025cf0504800 JavaThread "TimerQueue" daemon [_thread_blocked, id=6804, stack(0x000000ebc5800000,0x000000ebc5d00000)]
  0x0000025cefb0e800 JavaThread "AWT-Windows" daemon [_thread_in_native, id=16312, stack(0x000000ebc5d00000,0x000000ebc6200000)]
  0x0000025cdeb8d800 JavaThread "Java2D Disposer" daemon [_thread_blocked, id=15128, stack(0x000000ebc5300000,0x000000ebc5800000)]
  0x0000025cde9c4800 JavaThread "Service Thread" daemon [_thread_blocked, id=15696, stack(0x000000ebc4d00000,0x000000ebc5200000)]
  0x0000025cdc0e4000 JavaThread "Common-Cleaner" daemon [_thread_blocked, id=10444, stack(0x000000ebc4800000,0x000000ebc4d00000)]
  0x0000025cde600800 JavaThread "Sweeper thread" daemon [_thread_blocked, id=1964, stack(0x000000ebc4300000,0x000000ebc4800000)]
  0x0000025cdd2d6000 JavaThread "C1 CompilerThread3" daemon [_thread_blocked, id=9052, stack(0x000000ebc4200000,0x000000ebc4300000)]
  0x0000025cdd2d5800 JavaThread "C2 CompilerThread2" daemon [_thread_blocked, id=7048, stack(0x000000ebc4100000,0x000000ebc4200000)]
  0x0000025cdd0e1800 JavaThread "C2 CompilerThread1" daemon [_thread_blocked, id=4132, stack(0x000000ebc4000000,0x000000ebc4100000)]
=>0x0000025cdbcea000 JavaThread "C2 CompilerThread0" daemon [_thread_in_native, id=7244, stack(0x000000ebc3f00000,0x000000ebc4000000)]
  0x0000025cdbce9800 JavaThread "Attach Listener" daemon [_thread_blocked, id=13460, stack(0x000000ebc3a00000,0x000000ebc3f00000)]
  0x0000025cdbd72800 JavaThread "Signal Dispatcher" daemon [_thread_blocked, id=11964, stack(0x000000ebc3500000,0x000000ebc3a00000)]
  0x0000025cf388d000 JavaThread "Finalizer" daemon [_thread_blocked, id=9592, stack(0x000000ebc3000000,0x000000ebc3500000)]
  0x0000025cf388c800 JavaThread "Reference Handler" daemon [_thread_blocked, id=11560, stack(0x000000ebc2b00000,0x000000ebc3000000)]
  0x0000025cdb972000 JavaThread "main" [_thread_blocked, id=9376, stack(0x000000ebc1500000,0x000000ebc1600000)]

Other Threads:
  0x0000025cde79f800 VMThread "VM Thread" [stack: 0x000000ebc2a00000,0x000000ebc2b00000] [id=16124]
  0x0000025cde94d800 WatcherThread [stack: 0x000000ebc5200000,0x000000ebc5300000] [id=11128]
  0x0000025cf2b3f800 GCTaskThread "GC Thread#0" [stack: 0x000000ebc1600000,0x000000ebc1700000] [id=12596]
  0x0000025cde5f1000 GCTaskThread "GC Thread#1" [stack: 0x000000ebc1700000,0x000000ebc1800000] [id=13176]
  0x0000025cde5ee000 GCTaskThread "GC Thread#2" [stack: 0x000000ebc1800000,0x000000ebc1900000] [id=12260]
  0x0000025cde5f0000 GCTaskThread "GC Thread#3" [stack: 0x000000ebc1900000,0x000000ebc1a00000] [id=7772]
  0x0000025cde5f0800 GCTaskThread "GC Thread#4" [stack: 0x000000ebc1a00000,0x000000ebc1b00000] [id=11052]
  0x0000025cde5eb000 GCTaskThread "GC Thread#5" [stack: 0x000000ebc1b00000,0x000000ebc1c00000] [id=15680]
  0x0000025cde5ef800 GCTaskThread "GC Thread#6" [stack: 0x000000ebc1c00000,0x000000ebc1d00000] [id=12588]
  0x0000025cde5ea800 GCTaskThread "GC Thread#7" [stack: 0x000000ebc1d00000,0x000000ebc1e00000] [id=14624]
  0x0000025cde602800 ConcurrentGCThread "G1 Main Marker" [stack: 0x000000ebc2700000,0x000000ebc2800000] [id=8632]
  0x0000025cde5eb800 ConcurrentGCThread "G1 Marker#0" [stack: 0x000000ebc2800000,0x000000ebc2900000] [id=1632]
  0x0000025cde5ec000 ConcurrentGCThread "G1 Marker#1" [stack: 0x000000ebc2900000,0x000000ebc2a00000] [id=15192]
  0x0000025cda09e800 ConcurrentGCThread "G1 Refine#0" [stack: 0x000000ebc2500000,0x000000ebc2600000] [id=3312]
  0x0000025cda09d800 ConcurrentGCThread "G1 Refine#1" [stack: 0x000000ebc2400000,0x000000ebc2500000] [id=12756]
  0x0000025cddbbe000 ConcurrentGCThread "G1 Refine#2" [stack: 0x000000ebc2300000,0x000000ebc2400000] [id=1828]
  0x0000025cddbbd800 ConcurrentGCThread "G1 Refine#3" [stack: 0x000000ebc2200000,0x000000ebc2300000] [id=7068]
  0x0000025cdd3dd000 ConcurrentGCThread "G1 Refine#4" [stack: 0x000000ebc2100000,0x000000ebc2200000] [id=3424]
  0x0000025cda330800 ConcurrentGCThread "G1 Refine#5" [stack: 0x000000ebc2000000,0x000000ebc2100000] [id=13348]
  0x0000025cda32f800 ConcurrentGCThread "G1 Refine#6" [stack: 0x000000ebc1f00000,0x000000ebc2000000] [id=11144]
  0x0000025cdbfee000 ConcurrentGCThread "G1 Refine#7" [stack: 0x000000ebc1e00000,0x000000ebc1f00000] [id=11484]
  0x0000025cdbd0b800 ConcurrentGCThread "G1 Young RemSet Sampling" [stack: 0x000000ebc2600000,0x000000ebc2700000] [id=9248]

Threads with active compile tasks:
C2 CompilerThread018562   !   4       com.jidesoft.plaf.basic.BasicStyledLabelUI::internalPaintStyledText (3023 bytes)

VM state:not at safepoint (normal execution)

VM Mutex/Monitor currently owned by a thread: None

OutOfMemory and StackOverflow Exception counts:
OutOfMemoryError java_heap_errors=2

Heap address: 0x0000000700000000, size: 3072 MB, Compressed Oops mode: Zero based, Oop shift amount: 3
Narrow klass base: 0x0000000000000000, Narrow klass shift: 3
Compressed class space size: 1073741824 Address: 0x00000007c0000000

Heap:
 garbage-first heap   total 189440K, used 103627K [0x0000000700000000, 0x00000007001005c8, 0x00000007c0000000)
  region size 1024K, 25 young (25600K), 4 survivors (4096K)
 Metaspace       used 84754K, capacity 89825K, committed 89980K, reserved 1126400K
  class space    used 12270K, capacity 13150K, committed 13180K, reserved 1048576K
Heap Regions: E=young(eden), S=young(survivor), O=old, HS=humongous(starts), HC=humongous(continues), CS=collection set, F=free, A=archive, TS=gc time stamp, AC=allocation context, TAMS=top-at-mark-start (previous, next)
|   0|0x0000000700000000, 0x00000007000fb640, 0x0000000700100000| 98%| O|  |TS  0|AC  0|TAMS 0x0000000700000000, 0x0000000700000000|
|   1|0x0000000700100000, 0x00000007001f79a0, 0x0000000700200000| 96%| O|  |TS  0|AC  0|TAMS 0x0000000700100000, 0x0000000700100000|
|   2|0x0000000700200000, 0x0000000700300000, 0x0000000700300000|100%|HS|  |TS  0|AC  0|TAMS 0x0000000700200000, 0x0000000700200000|
|   3|0x0000000700300000, 0x0000000700400000, 0x0000000700400000|100%|HC|  |TS  0|AC  0|TAMS 0x0000000700300000, 0x0000000700300000|
|   4|0x0000000700400000, 0x0000000700500000, 0x0000000700500000|100%|HS|  |TS  0|AC  0|TAMS 0x0000000700400000, 0x0000000700400000|
|   5|0x0000000700500000, 0x00000007005fed18, 0x0000000700600000| 99%| O|  |TS  0|AC  0|TAMS 0x0000000700500000, 0x0000000700500000|
|   6|0x0000000700600000, 0x00000007006ff9a0, 0x0000000700700000| 99%| O|  |TS  0|AC  0|TAMS 0x0000000700600000, 0x0000000700600000|
|   7|0x0000000700700000, 0x00000007007fc738, 0x0000000700800000| 98%| O|  |TS  0|AC  0|TAMS 0x0000000700700000, 0x0000000700700000|
|   8|0x0000000700800000, 0x00000007008ffff8, 0x0000000700900000| 99%| O|  |TS  0|AC  0|TAMS 0x0000000700800000, 0x0000000700800000|
|   9|0x0000000700900000, 0x00000007009f9d18, 0x0000000700a00000| 97%| O|  |TS  0|AC  0|TAMS 0x0000000700900000, 0x0000000700900000|
|  10|0x0000000700a00000, 0x0000000700b00000, 0x0000000700b00000|100%| O|  |TS  0|AC  0|TAMS 0x0000000700a00000, 0x0000000700a00000|
|  11|0x0000000700b00000, 0x0000000700bffed0, 0x0000000700c00000| 99%| O|  |TS  0|AC  0|TAMS 0x0000000700b00000, 0x0000000700b00000|
|  12|0x0000000700c00000, 0x0000000700cfffe8, 0x0000000700d00000| 99%| O|  |TS  0|AC  0|TAMS 0x0000000700c00000, 0x0000000700c00000|
|  13|0x0000000700d00000, 0x0000000700dffff0, 0x0000000700e00000| 99%| O|  |TS  0|AC  0|TAMS 0x0000000700d00000, 0x0000000700d00000|
|  14|0x0000000700e00000, 0x0000000700eccc90, 0x0000000700f00000| 79%| O|  |TS  0|AC  0|TAMS 0x0000000700e00000, 0x0000000700e00000|
|  15|0x0000000700f00000, 0x0000000700ffffd0, 0x0000000701000000| 99%| O|  |TS  0|AC  0|TAMS 0x0000000700f00000, 0x0000000700f00000|
|  16|0x0000000701000000, 0x0000000701100000, 0x0000000701100000|100%| O|  |TS  0|AC  0|TAMS 0x0000000701000000, 0x0000000701000000|
|  17|0x0000000701100000, 0x00000007011f9948, 0x0000000701200000| 97%| O|  |TS  0|AC  0|TAMS 0x0000000701100000, 0x0000000701100000|
|  18|0x0000000701200000, 0x00000007012fffd8, 0x0000000701300000| 99%| O|  |TS  0|AC  0|TAMS 0x0000000701200000, 0x0000000701200000|
|  19|0x0000000701300000, 0x00000007013ffff0, 0x0000000701400000| 99%| O|  |TS  0|AC  0|TAMS 0x0000000701300000, 0x0000000701300000|
|  20|0x0000000701400000, 0x00000007014ffff0, 0x0000000701500000| 99%| O|  |TS  0|AC  0|TAMS 0x0000000701400000, 0x0000000701400000|
|  21|0x0000000701500000, 0x00000007015ffeb0, 0x0000000701600000| 99%| O|  |TS  0|AC  0|TAMS 0x0000000701500000, 0x0000000701500000|
|  22|0x0000000701600000, 0x00000007016fffe8, 0x0000000701700000| 99%| O|  |TS  0|AC  0|TAMS 0x0000000701600000, 0x0000000701600000|
|  23|0x0000000701700000, 0x00000007017fffe8, 0x0000000701800000| 99%| O|  |TS  0|AC  0|TAMS 0x0000000701700000, 0x0000000701700000|
|  24|0x0000000701800000, 0x00000007018ffff8, 0x0000000701900000| 99%| O|  |TS  0|AC  0|TAMS 0x0000000701800000, 0x0000000701800000|
|  25|0x0000000701900000, 0x00000007019fffd0, 0x0000000701a00000| 99%| O|  |TS  0|AC  0|TAMS 0x0000000701900000, 0x0000000701900000|
|  26|0x0000000701a00000, 0x0000000701affe98, 0x0000000701b00000| 99%| O|  |TS  0|AC  0|TAMS 0x0000000701a00000, 0x0000000701a00000|
|  27|0x0000000701b00000, 0x0000000701bfffe8, 0x0000000701c00000| 99%| O|  |TS  0|AC  0|TAMS 0x0000000701b00000, 0x0000000701b00000|
|  28|0x0000000701c00000, 0x0000000701cffff8, 0x0000000701d00000| 99%| O|  |TS  0|AC  0|TAMS 0x0000000701c00000, 0x0000000701c00000|
|  29|0x0000000701d00000, 0x0000000701dffff0, 0x0000000701e00000| 99%| O|  |TS  0|AC  0|TAMS 0x0000000701d00000, 0x0000000701d00000|
|  30|0x0000000701e00000, 0x0000000701f00000, 0x0000000701f00000|100%| O|  |TS  0|AC  0|TAMS 0x0000000701e00000, 0x0000000701e00000|
|  31|0x0000000701f00000, 0x0000000702000000, 0x0000000702000000|100%| O|  |TS  0|AC  0|TAMS 0x0000000701f00000, 0x0000000701f00000|
|  32|0x0000000702000000, 0x00000007020ffff0, 0x0000000702100000| 99%| O|  |TS  0|AC  0|TAMS 0x0000000702000000, 0x0000000702000000|
|  33|0x0000000702100000, 0x00000007021fffe8, 0x0000000702200000| 99%| O|  |TS  0|AC  0|TAMS 0x0000000702100000, 0x0000000702100000|
|  34|0x0000000702200000, 0x00000007022fd070, 0x0000000702300000| 98%| O|  |TS  0|AC  0|TAMS 0x0000000702200000, 0x0000000702200000|
|  35|0x0000000702300000, 0x00000007023ffff0, 0x0000000702400000| 99%| O|  |TS  0|AC  0|TAMS 0x0000000702300000, 0x0000000702300000|
|  36|0x0000000702400000, 0x00000007024ffff8, 0x0000000702500000| 99%| O|  |TS  0|AC  0|TAMS 0x0000000702400000, 0x0000000702400000|
|  37|0x0000000702500000, 0x00000007025ffff0, 0x0000000702600000| 99%| O|  |TS  0|AC  0|TAMS 0x0000000702500000, 0x0000000702500000|
|  38|0x0000000702600000, 0x0000000702700000, 0x0000000702700000|100%| O|  |TS  0|AC  0|TAMS 0x0000000702600000, 0x0000000702600000|
|  39|0x0000000702700000, 0x00000007027ff6e0, 0x0000000702800000| 99%| O|  |TS  0|AC  0|TAMS 0x0000000702700000, 0x0000000702700000|
|  40|0x0000000702800000, 0x0000000702900000, 0x0000000702900000|100%| O|  |TS  0|AC  0|TAMS 0x0000000702800000, 0x0000000702800000|
|  41|0x0000000702900000, 0x00000007029ffff8, 0x0000000702a00000| 99%| O|  |TS  0|AC  0|TAMS 0x0000000702900000, 0x0000000702900000|
|  42|0x0000000702a00000, 0x0000000702b00000, 0x0000000702b00000|100%| O|  |TS  0|AC  0|TAMS 0x0000000702a00000, 0x0000000702a00000|
|  43|0x0000000702b00000, 0x0000000702c00000, 0x0000000702c00000|100%|HS|  |TS  0|AC  0|TAMS 0x0000000702b00000, 0x0000000702b00000|
|  44|0x0000000702c00000, 0x0000000702d00000, 0x0000000702d00000|100%|HC|  |TS  0|AC  0|TAMS 0x0000000702c00000, 0x0000000702c00000|
|  45|0x0000000702d00000, 0x0000000702e00000, 0x0000000702e00000|100%|HC|  |TS  0|AC  0|TAMS 0x0000000702d00000, 0x0000000702d00000|
|  46|0x0000000702e00000, 0x0000000702f00000, 0x0000000702f00000|100%|HC|  |TS  0|AC  0|TAMS 0x0000000702e00000, 0x0000000702e00000|
|  47|0x0000000702f00000, 0x0000000703000000, 0x0000000703000000|100%|HC|  |TS  0|AC  0|TAMS 0x0000000702f00000, 0x0000000702f00000|
|  48|0x0000000703000000, 0x0000000703100000, 0x0000000703100000|100%|HC|  |TS  0|AC  0|TAMS 0x0000000703000000, 0x0000000703000000|
|  49|0x0000000703100000, 0x0000000703200000, 0x0000000703200000|100%|HC|  |TS  0|AC  0|TAMS 0x0000000703100000, 0x0000000703100000|
|  50|0x0000000703200000, 0x0000000703300000, 0x0000000703300000|100%|HC|  |TS  0|AC  0|TAMS 0x0000000703200000, 0x0000000703200000|
|  51|0x0000000703300000, 0x00000007033fe270, 0x0000000703400000| 99%| O|  |TS  0|AC  0|TAMS 0x0000000703300000, 0x0000000703300000|
|  52|0x0000000703400000, 0x00000007034fff88, 0x0000000703500000| 99%| O|  |TS  0|AC  0|TAMS 0x0000000703400000, 0x0000000703400000|
|  53|0x0000000703500000, 0x00000007035fffd0, 0x0000000703600000| 99%| O|  |TS  0|AC  0|TAMS 0x0000000703500000, 0x0000000703500000|
|  54|0x0000000703600000, 0x00000007036fcd30, 0x0000000703700000| 98%| O|  |TS  0|AC  0|TAMS 0x0000000703600000, 0x0000000703600000|
|  55|0x0000000703700000, 0x00000007037fe5c8, 0x0000000703800000| 99%| O|  |TS  0|AC  0|TAMS 0x0000000703700000, 0x0000000703700000|
|  56|0x0000000703800000, 0x00000007038fffe8, 0x0000000703900000| 99%| O|  |TS  0|AC  0|TAMS 0x0000000703800000, 0x0000000703800000|
|  57|0x0000000703900000, 0x00000007039ffff0, 0x0000000703a00000| 99%| O|  |TS  0|AC  0|TAMS 0x0000000703900000, 0x0000000703900000|
|  58|0x0000000703a00000, 0x0000000703affff0, 0x0000000703b00000| 99%| O|  |TS  0|AC  0|TAMS 0x0000000703a00000, 0x0000000703a00000|
|  59|0x0000000703b00000, 0x0000000703bfffe8, 0x0000000703c00000| 99%| O|  |TS  0|AC  0|TAMS 0x0000000703b00000, 0x0000000703b00000|
|  60|0x0000000703c00000, 0x0000000703cffbb8, 0x0000000703d00000| 99%| O|  |TS  0|AC  0|TAMS 0x0000000703c00000, 0x0000000703c00000|
|  61|0x0000000703d00000, 0x0000000703dfffe8, 0x0000000703e00000| 99%| O|  |TS  0|AC  0|TAMS 0x0000000703d00000, 0x0000000703d00000|
|  62|0x0000000703e00000, 0x0000000703efffe8, 0x0000000703f00000| 99%| O|  |TS  0|AC  0|TAMS 0x0000000703e00000, 0x0000000703e00000|
|  63|0x0000000703f00000, 0x0000000703ffffe8, 0x0000000704000000| 99%| O|  |TS  0|AC  0|TAMS 0x0000000703f00000, 0x0000000703f00000|
|  64|0x0000000704000000, 0x00000007040ffff8, 0x0000000704100000| 99%| O|  |TS  0|AC  0|TAMS 0x0000000704000000, 0x0000000704000000|
|  65|0x0000000704100000, 0x00000007041fffe8, 0x0000000704200000| 99%| O|  |TS  0|AC  0|TAMS 0x0000000704100000, 0x0000000704100000|
|  66|0x0000000704200000, 0x00000007042fffa8, 0x0000000704300000| 99%| O|  |TS  0|AC  0|TAMS 0x0000000704200000, 0x0000000704200000|
|  67|0x0000000704300000, 0x00000007043eaaf8, 0x0000000704400000| 91%| O|  |TS  0|AC  0|TAMS 0x0000000704300000, 0x0000000704300000|
|  68|0x0000000704400000, 0x00000007044fec20, 0x0000000704500000| 99%| O|  |TS  0|AC  0|TAMS 0x0000000704400000, 0x0000000704400000|
|  69|0x0000000704500000, 0x00000007045ffff0, 0x0000000704600000| 99%| O|  |TS  0|AC  0|TAMS 0x0000000704500000, 0x0000000704500000|
|  70|0x0000000704600000, 0x00000007046ffc68, 0x0000000704700000| 99%| O|  |TS  0|AC  0|TAMS 0x0000000704600000, 0x0000000704600000|
|  71|0x0000000704700000, 0x00000007047fe2c0, 0x0000000704800000| 99%| O|  |TS  0|AC  0|TAMS 0x0000000704700000, 0x0000000704700000|
|  72|0x0000000704800000, 0x00000007048ffec8, 0x0000000704900000| 99%| O|  |TS  0|AC  0|TAMS 0x0000000704800000, 0x0000000704800000|
|  73|0x0000000704900000, 0x00000007049fffe8, 0x0000000704a00000| 99%| O|  |TS  0|AC  0|TAMS 0x0000000704900000, 0x0000000704900000|
|  74|0x0000000704a00000, 0x0000000704afffc8, 0x0000000704b00000| 99%| O|  |TS  0|AC  0|TAMS 0x0000000704a00000, 0x0000000704a00000|
|  75|0x0000000704b00000, 0x0000000704c00000, 0x0000000704c00000|100%| O|  |TS  0|AC  0|TAMS 0x0000000704b00000, 0x0000000704b00000|
|  76|0x0000000704c00000, 0x0000000704cffff8, 0x0000000704d00000| 99%| O|  |TS  0|AC  0|TAMS 0x0000000704c00000, 0x0000000704c00000|
|  77|0x0000000704d00000, 0x0000000704d3ca68, 0x0000000704e00000| 23%| O|  |TS  0|AC  0|TAMS 0x0000000704d00000, 0x0000000704d00000|
|  78|0x0000000704e00000, 0x0000000704ec5800, 0x0000000704f00000| 77%| O|  |TS109|AC  0|TAMS 0x0000000704e00000, 0x0000000704e00000|
|  79|0x0000000704f00000, 0x0000000704f00000, 0x0000000705000000|  0%| F|  |TS  0|AC  0|TAMS 0x0000000704f00000, 0x0000000704f00000|
|  80|0x0000000705000000, 0x0000000705000000, 0x0000000705100000|  0%| F|  |TS  0|AC  0|TAMS 0x0000000705000000, 0x0000000705000000|
|  81|0x0000000705100000, 0x0000000705100000, 0x0000000705200000|  0%| F|  |TS  0|AC  0|TAMS 0x0000000705100000, 0x0000000705100000|
|  82|0x0000000705200000, 0x0000000705200000, 0x0000000705300000|  0%| F|  |TS  0|AC  0|TAMS 0x0000000705200000, 0x0000000705200000|
|  83|0x0000000705300000, 0x0000000705300000, 0x0000000705400000|  0%| F|  |TS  0|AC  0|TAMS 0x0000000705300000, 0x0000000705300000|
|  84|0x0000000705400000, 0x0000000705400000, 0x0000000705500000|  0%| F|  |TS  0|AC  0|TAMS 0x0000000705400000, 0x0000000705400000|
|  85|0x0000000705500000, 0x0000000705500000, 0x0000000705600000|  0%| F|  |TS  0|AC  0|TAMS 0x0000000705500000, 0x0000000705500000|
|  86|0x0000000705600000, 0x0000000705600000, 0x0000000705700000|  0%| F|  |TS  0|AC  0|TAMS 0x0000000705600000, 0x0000000705600000|
|  87|0x0000000705700000, 0x0000000705700000, 0x0000000705800000|  0%| F|  |TS  0|AC  0|TAMS 0x0000000705700000, 0x0000000705700000|
|  88|0x0000000705800000, 0x0000000705800000, 0x0000000705900000|  0%| F|  |TS  0|AC  0|TAMS 0x0000000705800000, 0x0000000705800000|
|  89|0x0000000705900000, 0x0000000705900000, 0x0000000705a00000|  0%| F|  |TS  0|AC  0|TAMS 0x0000000705900000, 0x0000000705900000|
|  90|0x0000000705a00000, 0x0000000705a00000, 0x0000000705b00000|  0%| F|  |TS  0|AC  0|TAMS 0x0000000705a00000, 0x0000000705a00000|
|  91|0x0000000705b00000, 0x0000000705b00000, 0x0000000705c00000|  0%| F|  |TS  0|AC  0|TAMS 0x0000000705b00000, 0x0000000705b00000|
|  92|0x0000000705c00000, 0x0000000705c00000, 0x0000000705d00000|  0%| F|  |TS  0|AC  0|TAMS 0x0000000705c00000, 0x0000000705c00000|
|  93|0x0000000705d00000, 0x0000000705d00000, 0x0000000705e00000|  0%| F|  |TS  0|AC  0|TAMS 0x0000000705d00000, 0x0000000705d00000|
|  94|0x0000000705e00000, 0x0000000705e00000, 0x0000000705f00000|  0%| F|  |TS  0|AC  0|TAMS 0x0000000705e00000, 0x0000000705e00000|
|  95|0x0000000705f00000, 0x0000000705f00000, 0x0000000706000000|  0%| F|  |TS  0|AC  0|TAMS 0x0000000705f00000, 0x0000000705f00000|
|  96|0x0000000706000000, 0x0000000706000000, 0x0000000706100000|  0%| F|  |TS  0|AC  0|TAMS 0x0000000706000000, 0x0000000706000000|
|  97|0x0000000706100000, 0x0000000706100000, 0x0000000706200000|  0%| F|  |TS  0|AC  0|TAMS 0x0000000706100000, 0x0000000706100000|
|  98|0x0000000706200000, 0x0000000706200000, 0x0000000706300000|  0%| F|  |TS  0|AC  0|TAMS 0x0000000706200000, 0x0000000706200000|
|  99|0x0000000706300000, 0x0000000706300000, 0x0000000706400000|  0%| F|  |TS  0|AC  0|TAMS 0x0000000706300000, 0x0000000706300000|
| 100|0x0000000706400000, 0x0000000706400000, 0x0000000706500000|  0%| F|  |TS  0|AC  0|TAMS 0x0000000706400000, 0x0000000706400000|
| 101|0x0000000706500000, 0x0000000706500000, 0x0000000706600000|  0%| F|  |TS  0|AC  0|TAMS 0x0000000706500000, 0x0000000706500000|
| 102|0x0000000706600000, 0x0000000706600000, 0x0000000706700000|  0%| F|  |TS  0|AC  0|TAMS 0x0000000706600000, 0x0000000706600000|
| 103|0x0000000706700000, 0x0000000706700000, 0x0000000706800000|  0%| F|  |TS  0|AC  0|TAMS 0x0000000706700000, 0x0000000706700000|
| 104|0x0000000706800000, 0x0000000706800000, 0x0000000706900000|  0%| F|  |TS  0|AC  0|TAMS 0x0000000706800000, 0x0000000706800000|
| 105|0x0000000706900000, 0x0000000706900000, 0x0000000706a00000|  0%| F|  |TS  0|AC  0|TAMS 0x0000000706900000, 0x0000000706900000|
| 106|0x0000000706a00000, 0x0000000706a00000, 0x0000000706b00000|  0%| F|  |TS  0|AC  0|TAMS 0x0000000706a00000, 0x0000000706a00000|
| 107|0x0000000706b00000, 0x0000000706b00000, 0x0000000706c00000|  0%| F|  |TS  0|AC  0|TAMS 0x0000000706b00000, 0x0000000706b00000|
| 108|0x0000000706c00000, 0x0000000706c00000, 0x0000000706d00000|  0%| F|  |TS  0|AC  0|TAMS 0x0000000706c00000, 0x0000000706c00000|
| 109|0x0000000706d00000, 0x0000000706d00000, 0x0000000706e00000|  0%| F|  |TS  0|AC  0|TAMS 0x0000000706d00000, 0x0000000706d00000|
| 110|0x0000000706e00000, 0x0000000706e00000, 0x0000000706f00000|  0%| F|  |TS  0|AC  0|TAMS 0x0000000706e00000, 0x0000000706e00000|
| 111|0x0000000706f00000, 0x0000000706f00000, 0x0000000707000000|  0%| F|  |TS  0|AC  0|TAMS 0x0000000706f00000, 0x0000000706f00000|
| 112|0x0000000707000000, 0x0000000707000000, 0x0000000707100000|  0%| F|  |TS  0|AC  0|TAMS 0x0000000707000000, 0x0000000707000000|
| 113|0x0000000707100000, 0x0000000707100000, 0x0000000707200000|  0%| F|  |TS  0|AC  0|TAMS 0x0000000707100000, 0x0000000707100000|
| 114|0x0000000707200000, 0x0000000707200000, 0x0000000707300000|  0%| F|  |TS  0|AC  0|TAMS 0x0000000707200000, 0x0000000707200000|
| 115|0x0000000707300000, 0x0000000707300000, 0x0000000707400000|  0%| F|  |TS  0|AC  0|TAMS 0x0000000707300000, 0x0000000707300000|
| 116|0x0000000707400000, 0x0000000707400000, 0x0000000707500000|  0%| F|  |TS  0|AC  0|TAMS 0x0000000707400000, 0x0000000707400000|
| 117|0x0000000707500000, 0x0000000707500000, 0x0000000707600000|  0%| F|  |TS  0|AC  0|TAMS 0x0000000707500000, 0x0000000707500000|
| 118|0x0000000707600000, 0x0000000707600000, 0x0000000707700000|  0%| F|  |TS  0|AC  0|TAMS 0x0000000707600000, 0x0000000707600000|
| 119|0x0000000707700000, 0x0000000707700000, 0x0000000707800000|  0%| F|  |TS  0|AC  0|TAMS 0x0000000707700000, 0x0000000707700000|
| 120|0x0000000707800000, 0x0000000707800000, 0x0000000707900000|  0%| F|  |TS  0|AC  0|TAMS 0x0000000707800000, 0x0000000707800000|
| 121|0x0000000707900000, 0x00000007079a6600, 0x0000000707a00000| 64%| S|CS|TS109|AC  0|TAMS 0x0000000707900000, 0x0000000707900000|
| 122|0x0000000707a00000, 0x0000000707b00000, 0x0000000707b00000|100%| S|CS|TS109|AC  0|TAMS 0x0000000707a00000, 0x0000000707a00000|
| 123|0x0000000707b00000, 0x0000000707b00000, 0x0000000707c00000|  0%| F|  |TS109|AC  0|TAMS 0x0000000707b00000, 0x0000000707b00000|
| 124|0x0000000707c00000, 0x0000000707d00000, 0x0000000707d00000|100%| S|CS|TS109|AC  0|TAMS 0x0000000707c00000, 0x0000000707c00000|
| 125|0x0000000707d00000, 0x0000000707d00000, 0x0000000707e00000|  0%| F|  |TS109|AC  0|TAMS 0x0000000707d00000, 0x0000000707d00000|
| 126|0x0000000707e00000, 0x0000000707f00000, 0x0000000707f00000|100%| S|CS|TS109|AC  0|TAMS 0x0000000707e00000, 0x0000000707e00000|
| 127|0x0000000707f00000, 0x0000000707f00000, 0x0000000708000000|  0%| F|  |TS109|AC  0|TAMS 0x0000000707f00000, 0x0000000707f00000|
| 128|0x0000000708000000, 0x0000000708000000, 0x0000000708100000|  0%| F|  |TS109|AC  0|TAMS 0x0000000708000000, 0x0000000708000000|
| 129|0x0000000708100000, 0x0000000708100000, 0x0000000708200000|  0%| F|  |TS109|AC  0|TAMS 0x0000000708100000, 0x0000000708100000|
| 130|0x0000000708200000, 0x0000000708200000, 0x0000000708300000|  0%| F|  |TS109|AC  0|TAMS 0x0000000708200000, 0x0000000708200000|
| 131|0x0000000708300000, 0x0000000708300000, 0x0000000708400000|  0%| F|  |TS109|AC  0|TAMS 0x0000000708300000, 0x0000000708300000|
| 132|0x0000000708400000, 0x0000000708400000, 0x0000000708500000|  0%| F|  |TS109|AC  0|TAMS 0x0000000708400000, 0x0000000708400000|
| 133|0x0000000708500000, 0x0000000708500000, 0x0000000708600000|  0%| F|  |TS109|AC  0|TAMS 0x0000000708500000, 0x0000000708500000|
| 134|0x0000000708600000, 0x0000000708600000, 0x0000000708700000|  0%| F|  |TS109|AC  0|TAMS 0x0000000708600000, 0x0000000708600000|
| 135|0x0000000708700000, 0x0000000708700000, 0x0000000708800000|  0%| F|  |TS109|AC  0|TAMS 0x0000000708700000, 0x0000000708700000|
| 136|0x0000000708800000, 0x0000000708800000, 0x0000000708900000|  0%| F|  |TS109|AC  0|TAMS 0x0000000708800000, 0x0000000708800000|
| 137|0x0000000708900000, 0x0000000708900000, 0x0000000708a00000|  0%| F|  |TS109|AC  0|TAMS 0x0000000708900000, 0x0000000708900000|
| 138|0x0000000708a00000, 0x0000000708a00000, 0x0000000708b00000|  0%| F|  |TS109|AC  0|TAMS 0x0000000708a00000, 0x0000000708a00000|
| 139|0x0000000708b00000, 0x0000000708b00000, 0x0000000708c00000|  0%| F|  |TS109|AC  0|TAMS 0x0000000708b00000, 0x0000000708b00000|
| 140|0x0000000708c00000, 0x0000000708c00000, 0x0000000708d00000|  0%| F|  |TS109|AC  0|TAMS 0x0000000708c00000, 0x0000000708c00000|
| 141|0x0000000708d00000, 0x0000000708d00000, 0x0000000708e00000|  0%| F|  |TS109|AC  0|TAMS 0x0000000708d00000, 0x0000000708d00000|
| 142|0x0000000708e00000, 0x0000000708e00000, 0x0000000708f00000|  0%| F|  |TS109|AC  0|TAMS 0x0000000708e00000, 0x0000000708e00000|
| 143|0x0000000708f00000, 0x0000000708f00000, 0x0000000709000000|  0%| F|  |TS109|AC  0|TAMS 0x0000000708f00000, 0x0000000708f00000|
| 144|0x0000000709000000, 0x0000000709000000, 0x0000000709100000|  0%| F|  |TS109|AC  0|TAMS 0x0000000709000000, 0x0000000709000000|
| 145|0x0000000709100000, 0x0000000709100000, 0x0000000709200000|  0%| F|  |TS109|AC  0|TAMS 0x0000000709100000, 0x0000000709100000|
| 146|0x0000000709200000, 0x0000000709200000, 0x0000000709300000|  0%| F|  |TS109|AC  0|TAMS 0x0000000709200000, 0x0000000709200000|
| 147|0x0000000709300000, 0x0000000709300000, 0x0000000709400000|  0%| F|  |TS109|AC  0|TAMS 0x0000000709300000, 0x0000000709300000|
| 148|0x0000000709400000, 0x0000000709400000, 0x0000000709500000|  0%| F|  |TS109|AC  0|TAMS 0x0000000709400000, 0x0000000709400000|
| 149|0x0000000709500000, 0x0000000709500000, 0x0000000709600000|  0%| F|  |TS109|AC  0|TAMS 0x0000000709500000, 0x0000000709500000|
| 150|0x0000000709600000, 0x0000000709600000, 0x0000000709700000|  0%| F|  |TS109|AC  0|TAMS 0x0000000709600000, 0x0000000709600000|
| 151|0x0000000709700000, 0x0000000709700000, 0x0000000709800000|  0%| F|  |TS109|AC  0|TAMS 0x0000000709700000, 0x0000000709700000|
| 152|0x0000000709800000, 0x0000000709800000, 0x0000000709900000|  0%| F|  |TS109|AC  0|TAMS 0x0000000709800000, 0x0000000709800000|
| 153|0x0000000709900000, 0x0000000709900000, 0x0000000709a00000|  0%| F|  |TS109|AC  0|TAMS 0x0000000709900000, 0x0000000709900000|
| 154|0x0000000709a00000, 0x0000000709a00000, 0x0000000709b00000|  0%| F|  |TS109|AC  0|TAMS 0x0000000709a00000, 0x0000000709a00000|
| 155|0x0000000709b00000, 0x0000000709b00000, 0x0000000709c00000|  0%| F|  |TS109|AC  0|TAMS 0x0000000709b00000, 0x0000000709b00000|
| 156|0x0000000709c00000, 0x0000000709c00000, 0x0000000709d00000|  0%| F|  |TS109|AC  0|TAMS 0x0000000709c00000, 0x0000000709c00000|
| 157|0x0000000709d00000, 0x0000000709d00000, 0x0000000709e00000|  0%| F|  |TS109|AC  0|TAMS 0x0000000709d00000, 0x0000000709d00000|
| 158|0x0000000709e00000, 0x0000000709e00000, 0x0000000709f00000|  0%| F|  |TS109|AC  0|TAMS 0x0000000709e00000, 0x0000000709e00000|
| 159|0x0000000709f00000, 0x0000000709f00000, 0x000000070a000000|  0%| F|  |TS109|AC  0|TAMS 0x0000000709f00000, 0x0000000709f00000|
| 160|0x000000070a000000, 0x000000070a000000, 0x000000070a100000|  0%| F|  |TS109|AC  0|TAMS 0x000000070a000000, 0x000000070a000000|
| 161|0x000000070a100000, 0x000000070a100000, 0x000000070a200000|  0%| F|  |TS109|AC  0|TAMS 0x000000070a100000, 0x000000070a100000|
| 162|0x000000070a200000, 0x000000070a200000, 0x000000070a300000|  0%| F|  |TS109|AC  0|TAMS 0x000000070a200000, 0x000000070a200000|
| 163|0x000000070a300000, 0x000000070a300000, 0x000000070a400000|  0%| F|  |TS109|AC  0|TAMS 0x000000070a300000, 0x000000070a300000|
| 164|0x000000070a400000, 0x000000070a403b60, 0x000000070a500000|  1%| E|  |TS109|AC  0|TAMS 0x000000070a400000, 0x000000070a400000|
| 165|0x000000070a500000, 0x000000070a600000, 0x000000070a600000|100%| E|CS|TS109|AC  0|TAMS 0x000000070a500000, 0x000000070a500000|
| 166|0x000000070a600000, 0x000000070a700000, 0x000000070a700000|100%| E|CS|TS109|AC  0|TAMS 0x000000070a600000, 0x000000070a600000|
| 167|0x000000070a700000, 0x000000070a800000, 0x000000070a800000|100%| E|CS|TS109|AC  0|TAMS 0x000000070a700000, 0x000000070a700000|
| 168|0x000000070a800000, 0x000000070a900000, 0x000000070a900000|100%| E|CS|TS109|AC  0|TAMS 0x000000070a800000, 0x000000070a800000|
| 169|0x000000070a900000, 0x000000070aa00000, 0x000000070aa00000|100%| E|CS|TS109|AC  0|TAMS 0x000000070a900000, 0x000000070a900000|
| 170|0x000000070aa00000, 0x000000070ab00000, 0x000000070ab00000|100%| E|CS|TS109|AC  0|TAMS 0x000000070aa00000, 0x000000070aa00000|
| 171|0x000000070ab00000, 0x000000070ac00000, 0x000000070ac00000|100%| E|CS|TS109|AC  0|TAMS 0x000000070ab00000, 0x000000070ab00000|
| 172|0x000000070ac00000, 0x000000070ad00000, 0x000000070ad00000|100%| E|CS|TS109|AC  0|TAMS 0x000000070ac00000, 0x000000070ac00000|
| 173|0x000000070ad00000, 0x000000070ae00000, 0x000000070ae00000|100%| E|CS|TS109|AC  0|TAMS 0x000000070ad00000, 0x000000070ad00000|
| 174|0x000000070ae00000, 0x000000070af00000, 0x000000070af00000|100%| E|CS|TS109|AC  0|TAMS 0x000000070ae00000, 0x000000070ae00000|
| 175|0x000000070af00000, 0x000000070b000000, 0x000000070b000000|100%| E|CS|TS109|AC  0|TAMS 0x000000070af00000, 0x000000070af00000|
| 176|0x000000070b000000, 0x000000070b100000, 0x000000070b100000|100%| E|CS|TS109|AC  0|TAMS 0x000000070b000000, 0x000000070b000000|
| 177|0x000000070b100000, 0x000000070b200000, 0x000000070b200000|100%| E|CS|TS109|AC  0|TAMS 0x000000070b100000, 0x000000070b100000|
| 178|0x000000070b200000, 0x000000070b300000, 0x000000070b300000|100%| E|CS|TS109|AC  0|TAMS 0x000000070b200000, 0x000000070b200000|
| 179|0x000000070b300000, 0x000000070b400000, 0x000000070b400000|100%| E|CS|TS109|AC  0|TAMS 0x000000070b300000, 0x000000070b300000|
| 180|0x000000070b400000, 0x000000070b500000, 0x000000070b500000|100%| E|CS|TS109|AC  0|TAMS 0x000000070b400000, 0x000000070b400000|
| 181|0x000000070b500000, 0x000000070b600000, 0x000000070b600000|100%| E|CS|TS109|AC  0|TAMS 0x000000070b500000, 0x000000070b500000|
| 182|0x000000070b600000, 0x000000070b700000, 0x000000070b700000|100%| E|CS|TS109|AC  0|TAMS 0x000000070b600000, 0x000000070b600000|
| 183|0x000000070b700000, 0x000000070b800000, 0x000000070b800000|100%| E|CS|TS109|AC  0|TAMS 0x000000070b700000, 0x000000070b700000|
| 184|0x000000070b800000, 0x000000070b900000, 0x000000070b900000|100%| E|CS|TS109|AC  0|TAMS 0x000000070b800000, 0x000000070b800000|

Card table byte_map: [0x0000025ce5cd0000,0x0000025ce62d0000] byte_map_base: 0x0000025ce24d0000

Marking Bits (Prev, Next): (CMBitMap*) 0x0000025cf3362e30, (CMBitMap*) 0x0000025cf3362e68
 Prev Bits: [0x0000025ce68d0000, 0x0000025ce98d0000)
 Next Bits: [0x0000025ce98d0000, 0x0000025cec8d0000)

Polling page: 0x0000025cd5370000

CodeHeap 'non-profiled nmethods': size=120000Kb used=16398Kb max_used=16398Kb free=103601Kb
 bounds [0x0000025c87ad0000, 0x0000025c88ae0000, 0x0000025c8f000000]
CodeHeap 'profiled nmethods': size=120000Kb used=40357Kb max_used=40357Kb free=79642Kb
 bounds [0x0000025c805a0000, 0x0000025c82d40000, 0x0000025c87ad0000]
CodeHeap 'non-nmethods': size=5760Kb used=1749Kb max_used=1804Kb free=4010Kb
 bounds [0x0000025c80000000, 0x0000025c80270000, 0x0000025c805a0000]
 total_blobs=26468 nmethods=15434 adapters=1078
 compilation: enabled

Compilation events (10 events):
Event: 2712.137 Thread 0x0000025cdbcea000 nmethod 18556 0x0000025c88ad2210 code [0x0000025c88ad23a0, 0x0000025c88ad2418]
Event: 2712.149 Thread 0x0000025cdd2d6000 18557       3       ui.data.experiment.ag::isEnabled (8 bytes)
Event: 2712.149 Thread 0x0000025cdd2d6000 nmethod 18557 0x0000025c82d31290 code [0x0000025c82d31440, 0x0000025c82d315d0]
Event: 2712.184 Thread 0x0000025cdd2d5800 18559       4       com.jidesoft.grid.CellSpanTable::getCellRect (352 bytes)
Event: 2712.188 Thread 0x0000025cdd2d5800 nmethod 18559 0x0000025c88ad2910 code [0x0000025c88ad2ae0, 0x0000025c88ad2f28]
Event: 2712.470 Thread 0x0000025cdd2d6000 18560       1       java.util.TimeZone::getID (5 bytes)
Event: 2712.471 Thread 0x0000025cdd2d6000 nmethod 18560 0x0000025c88ad3290 code [0x0000025c88ad3440, 0x0000025c88ad3558]
Event: 2712.472 Thread 0x0000025cdd0e1800 18561       4       com.jidesoft.grid.TreeTableModel::getValueAt (27 bytes)
Event: 2712.473 Thread 0x0000025cdd0e1800 nmethod 18561 0x0000025c88ad3610 code [0x0000025c88ad37a0, 0x0000025c88ad3878]
Event: 2712.482 Thread 0x0000025cdbcea000 18562   !   4       com.jidesoft.plaf.basic.BasicStyledLabelUI::internalPaintStyledText (3023 bytes)

GC Heap History (10 events):
Event: 2585.373 GC heap before
{Heap before GC invocations=115 (full 4):
 garbage-first heap   total 189440K, used 140600K [0x0000000700000000, 0x00000007001005c8, 0x00000007c0000000)
  region size 1024K, 60 young (61440K), 2 survivors (2048K)
 Metaspace       used 84182K, capacity 89039K, committed 89084K, reserved 1126400K
  class space    used 12189K, capacity 13027K, committed 13052K, reserved 1048576K
}
Event: 2585.378 GC heap after
{Heap after GC invocations=116 (full 4):
 garbage-first heap   total 189440K, used 82478K [0x0000000700000000, 0x00000007001005c8, 0x00000007c0000000)
  region size 1024K, 4 young (4096K), 4 survivors (4096K)
 Metaspace       used 84182K, capacity 89039K, committed 89084K, reserved 1126400K
  class space    used 12189K, capacity 13027K, committed 13052K, reserved 1048576K
}
Event: 2585.679 GC heap before
{Heap before GC invocations=116 (full 4):
 garbage-first heap   total 189440K, used 139822K [0x0000000700000000, 0x00000007001005c8, 0x00000007c0000000)
  region size 1024K, 60 young (61440K), 4 survivors (4096K)
 Metaspace       used 84403K, capacity 89269K, committed 89468K, reserved 1126400K
  class space    used 12202K, capacity 13060K, committed 13180K, reserved 1048576K
}
Event: 2585.684 GC heap after
{Heap after GC invocations=117 (full 4):
 garbage-first heap   total 189440K, used 82744K [0x0000000700000000, 0x00000007001005c8, 0x00000007c0000000)
  region size 1024K, 4 young (4096K), 4 survivors (4096K)
 Metaspace       used 84403K, capacity 89269K, committed 89468K, reserved 1126400K
  class space    used 12202K, capacity 13060K, committed 13180K, reserved 1048576K
}
Event: 2594.819 GC heap before
{Heap before GC invocations=117 (full 4):
 garbage-first heap   total 189440K, used 140088K [0x0000000700000000, 0x00000007001005c8, 0x00000007c0000000)
  region size 1024K, 60 young (61440K), 4 survivors (4096K)
 Metaspace       used 84705K, capacity 89761K, committed 89980K, reserved 1126400K
  class space    used 12261K, capacity 13150K, committed 13180K, reserved 1048576K
}
Event: 2594.823 GC heap after
{Heap after GC invocations=118 (full 4):
 garbage-first heap   total 189440K, used 83085K [0x0000000700000000, 0x00000007001005c8, 0x00000007c0000000)
  region size 1024K, 4 young (4096K), 4 survivors (4096K)
 Metaspace       used 84705K, capacity 89761K, committed 89980K, reserved 1126400K
  class space    used 12261K, capacity 13150K, committed 13180K, reserved 1048576K
}
Event: 2671.907 GC heap before
{Heap before GC invocations=118 (full 4):
 garbage-first heap   total 189440K, used 140429K [0x0000000700000000, 0x00000007001005c8, 0x00000007c0000000)
  region size 1024K, 60 young (61440K), 4 survivors (4096K)
 Metaspace       used 84721K, capacity 89761K, committed 89980K, reserved 1126400K
  class space    used 12261K, capacity 13150K, committed 13180K, reserved 1048576K
}
Event: 2671.936 GC heap after
{Heap after GC invocations=119 (full 4):
 garbage-first heap   total 189440K, used 83031K [0x0000000700000000, 0x00000007001005c8, 0x00000007c0000000)
  region size 1024K, 4 young (4096K), 4 survivors (4096K)
 Metaspace       used 84721K, capacity 89761K, committed 89980K, reserved 1126400K
  class space    used 12261K, capacity 13150K, committed 13180K, reserved 1048576K
}
Event: 2711.381 GC heap before
{Heap before GC invocations=119 (full 4):
 garbage-first heap   total 189440K, used 140375K [0x0000000700000000, 0x00000007001005c8, 0x00000007c0000000)
  region size 1024K, 60 young (61440K), 4 survivors (4096K)
 Metaspace       used 84733K, capacity 89825K, committed 89980K, reserved 1126400K
  class space    used 12262K, capacity 13150K, committed 13180K, reserved 1048576K
}
Event: 2711.388 GC heap after
{Heap after GC invocations=120 (full 4):
 garbage-first heap   total 189440K, used 83147K [0x0000000700000000, 0x00000007001005c8, 0x00000007c0000000)
  region size 1024K, 4 young (4096K), 4 survivors (4096K)
 Metaspace       used 84733K, capacity 89825K, committed 89980K, reserved 1126400K
  class space    used 12262K, capacity 13150K, committed 13180K, reserved 1048576K
}

Deoptimization events (10 events):
Event: 2586.546 Thread 0x0000025cdd28b800 Uncommon trap: reason=unstable_if action=reinterpret pc=0x0000025c87eb8bcc method=java.lang.String.indexOf(Ljava/lang/String;)I @ 48 c2
Event: 2586.546 Thread 0x0000025cdd28b800 Uncommon trap: reason=unstable_if action=reinterpret pc=0x0000025c87dc3824 method=sun.font.FontUtilities.isComplexText([CII)Z @ 13 c2
Event: 2586.547 Thread 0x0000025cdd28b800 Uncommon trap: reason=unstable_if action=reinterpret pc=0x0000025c88479f44 method=java.lang.AbstractStringBuilder.appendChars([CII)V @ 43 c2
Event: 2586.547 Thread 0x0000025cdd28b800 Uncommon trap: reason=unstable_if action=reinterpret pc=0x0000025c8823d588 method=javax.swing.text.AbstractDocument.insertUpdate(Ljavax/swing/text/AbstractDocument$DefaultDocumentEvent;Ljavax/swing/text/AttributeSet;)V @ 82 c2
Event: 2586.547 Thread 0x0000025cdd28b800 Uncommon trap: reason=unstable_if action=reinterpret pc=0x0000025c880b771c method=sun.font.FontUtilities.isComplexText([CII)Z @ 13 c2
Event: 2586.547 Thread 0x0000025cdd28b800 Uncommon trap: reason=unstable_if action=reinterpret pc=0x0000025c87fdbaa8 method=sun.font.FontUtilities.isComplexText([CII)Z @ 13 c2
Event: 2586.570 Thread 0x0000025cdd28b800 Uncommon trap: reason=unstable_if action=reinterpret pc=0x0000025c87b3c5f4 method=java.util.Objects.equals(Ljava/lang/Object;Ljava/lang/Object;)Z @ 6 c2
Event: 2586.588 Thread 0x0000025cdd28b800 Uncommon trap: reason=bimorphic_or_optimized_type_check action=maybe_recompile pc=0x0000025c888ea14c method=javax.swing.text.GlyphView.paint(Ljava/awt/Graphics;Ljava/awt/Shape;)V @ 65 c2
Event: 2586.588 Thread 0x0000025cdd28b800 Uncommon trap: reason=bimorphic_or_optimized_type_check action=maybe_recompile pc=0x0000025c888ea14c method=javax.swing.text.GlyphView.paint(Ljava/awt/Graphics;Ljava/awt/Shape;)V @ 65 c2
Event: 2691.837 Thread 0x0000025cde5fc800 Uncommon trap: reason=unstable_if action=reinterpret pc=0x0000025c8871eae4 method=ui.frmwork.d.l.a(Lui/frmwork/d/c;ZZLjava/lang/String;)Lui/frmwork/d/e; @ 17 c2

Classes redefined (0 events):
No events

Internal exceptions (10 events):
Event: 2677.378 Thread 0x0000025cdd28b800 Exception <a 'java/io/FileNotFoundException'{0x000000070b610c98}> (0x000000070b610c98) thrown at [t:/workspace/hotspot/src/share/vm/prims/jni.cpp, line 604]
Event: 2682.379 Thread 0x0000025cdd28b800 Exception <a 'java/io/FileNotFoundException'{0x000000070b40b428}> (0x000000070b40b428) thrown at [t:/workspace/hotspot/src/share/vm/prims/jni.cpp, line 604]
Event: 2687.379 Thread 0x0000025cdd28b800 Exception <a 'java/io/FileNotFoundException'{0x000000070b210e40}> (0x000000070b210e40) thrown at [t:/workspace/hotspot/src/share/vm/prims/jni.cpp, line 604]
Event: 2692.380 Thread 0x0000025cdd28b800 Exception <a 'java/io/FileNotFoundException'{0x000000070b17baf8}> (0x000000070b17baf8) thrown at [t:/workspace/hotspot/src/share/vm/prims/jni.cpp, line 604]
Event: 2697.382 Thread 0x0000025cdd28b800 Exception <a 'java/io/FileNotFoundException'{0x000000070965a3c0}> (0x000000070965a3c0) thrown at [t:/workspace/hotspot/src/share/vm/prims/jni.cpp, line 604]
Event: 2700.939 Thread 0x0000025cdd28b800 Exception <a 'java/lang/OutOfMemoryError'{0x00000007094714d0}: unable to create native thread: possibly out of memory or process/resource limits reached> (0x00000007094714d0) thrown at [t:/workspace/hotspot/src/share/vm/prims/jvm.cpp, line 2840]
Event: 2700.944 Thread 0x0000025cdd28b800 Exception <a 'java/lang/OutOfMemoryError'{0x00000007094714d0}> (0x00000007094714d0) thrown at [t:/workspace/hotspot/src/share/vm/prims/jvm.cpp, line 1314]
Event: 2702.382 Thread 0x0000025cdd28b800 Exception <a 'java/io/FileNotFoundException'{0x000000070931d870}> (0x000000070931d870) thrown at [t:/workspace/hotspot/src/share/vm/prims/jni.cpp, line 604]
Event: 2707.382 Thread 0x0000025cdd28b800 Exception <a 'java/io/FileNotFoundException'{0x00000007092ded50}> (0x00000007092ded50) thrown at [t:/workspace/hotspot/src/share/vm/prims/jni.cpp, line 604]
Event: 2712.383 Thread 0x0000025cdd28b800 Exception <a 'java/io/FileNotFoundException'{0x000000070a8da2e8}> (0x000000070a8da2e8) thrown at [t:/workspace/hotspot/src/share/vm/prims/jni.cpp, line 604]

Events (10 events):
Event: 2711.485 Executing VM operation: RevokeBias
Event: 2711.485 Executing VM operation: RevokeBias done
Event: 2711.520 Thread 0x0000025cfae4e000 Thread added: 0x0000025cfae4e000
Event: 2711.522 Executing VM operation: RevokeBias
Event: 2711.522 Executing VM operation: RevokeBias done
Event: 2711.522 Thread 0x0000025cfae4e000 Thread exited: 0x0000025cfae4e000
Event: 2711.810 loading class ui/d/j/c/c/f
Event: 2711.810 loading class ui/d/j/c/c/f done
Event: 2711.824 loading class ui/d/n/c/d
Event: 2711.824 loading class ui/d/n/c/d done


Dynamic libraries:
0x00007ff6354d0000 - 0x00007ff635500000 	D:\Xilinx\Vivado\2020.1\bin\unwrapped\win64.o\vivado.exe
0x00007fffde080000 - 0x00007fffde270000 	C:\WINDOWS\SYSTEM32\ntdll.dll
0x00007fffdc700000 - 0x00007fffdc7b2000 	C:\WINDOWS\System32\KERNEL32.DLL
0x00007fffdb840000 - 0x00007fffdbae4000 	C:\WINDOWS\System32\KERNELBASE.dll
0x00007fffdbfa0000 - 0x00007fffdc09a000 	C:\WINDOWS\System32\ucrtbase.dll
0x00007fffc2fe0000 - 0x00007fffc3071000 	C:\WINDOWS\SYSTEM32\MSVCP140.dll
0x00007fffc2fc0000 - 0x00007fffc2fd9000 	C:\WINDOWS\SYSTEM32\VCRUNTIME140.dll
0x00007fffc2fb0000 - 0x00007fffc2fbc000 	C:\WINDOWS\SYSTEM32\VCRUNTIME140_1.dll
0x00007fffc8850000 - 0x00007fffc8864000 	D:\Xilinx\Vivado\2020.1\lib\win64.o\libboost_signals.dll
0x00007fffc7180000 - 0x00007fffc719a000 	D:\Xilinx\Vivado\2020.1\lib\win64.o\librdi_commonmain.dll
0x00007fffc94c0000 - 0x00007fffc94ca000 	D:\Xilinx\Vivado\2020.1\lib\win64.o\librdi_commonversion.dll
0x00007fffb84f0000 - 0x00007fffb8516000 	D:\Xilinx\Vivado\2020.1\lib\win64.o\libboost_filesystem.dll
0x00007fffdca30000 - 0x00007fffdcad3000 	C:\WINDOWS\System32\ADVAPI32.dll
0x00007fffdcd30000 - 0x00007fffdcdce000 	C:\WINDOWS\System32\msvcrt.dll
0x00007fffdcae0000 - 0x00007fffdcb77000 	C:\WINDOWS\System32\sechost.dll
0x00007fffddf20000 - 0x00007fffde040000 	C:\WINDOWS\System32\RPCRT4.dll
0x00007fff92bc0000 - 0x00007fff92d61000 	D:\Xilinx\Vivado\2020.1\lib\win64.o\librdi_commonxillic.dll
0x00007fffdd620000 - 0x00007fffdd7b4000 	C:\WINDOWS\System32\USER32.dll
0x00007fffdbb10000 - 0x00007fffdbb31000 	C:\WINDOWS\System32\win32u.dll
0x00007fffdc130000 - 0x00007fffdc156000 	C:\WINDOWS\System32\GDI32.dll
0x00007fffdbbc0000 - 0x00007fffdbd56000 	C:\WINDOWS\System32\gdi32full.dll
0x00007fffdbf00000 - 0x00007fffdbf9e000 	C:\WINDOWS\System32\msvcp_win.dll
0x00007fffdcb80000 - 0x00007fffdcbef000 	C:\WINDOWS\System32\WS2_32.dll
0x00007fffdc100000 - 0x00007fffdc126000 	C:\WINDOWS\System32\bcrypt.dll
0x000000006a9d0000 - 0x000000006aafb000 	D:\Xilinx\Vivado\2020.1\lib\win64.o\tcl85t.dll
0x00007fffc7420000 - 0x00007fffc742b000 	D:\Xilinx\Vivado\2020.1\lib\win64.o\libboost_system.dll
0x00007fff77220000 - 0x00007fff782e6000 	D:\Xilinx\Vivado\2020.1\lib\win64.o\librdi_common.dll
0x00007fffdd7c0000 - 0x00007fffddea6000 	C:\WINDOWS\System32\SHELL32.dll
0x00007fffdbd60000 - 0x00007fffdbdaa000 	C:\WINDOWS\System32\cfgmgr32.dll
0x00007fffdd420000 - 0x00007fffdd4c9000 	C:\WINDOWS\System32\shcore.dll
0x00007fffdcdd0000 - 0x00007fffdd105000 	C:\WINDOWS\System32\combase.dll
0x00007fffdbb40000 - 0x00007fffdbbc0000 	C:\WINDOWS\System32\bcryptPrimitives.dll
0x00007fffdb0b0000 - 0x00007fffdb832000 	C:\WINDOWS\System32\windows.storage.dll
0x00007fffdaf60000 - 0x00007fffdaf83000 	C:\WINDOWS\System32\profapi.dll
0x00007fffdaf90000 - 0x00007fffdafda000 	C:\WINDOWS\System32\powrprof.dll
0x00007fffdaf30000 - 0x00007fffdaf40000 	C:\WINDOWS\System32\UMPDC.dll
0x00007fffdc6a0000 - 0x00007fffdc6f2000 	C:\WINDOWS\System32\shlwapi.dll
0x00007fffdaf40000 - 0x00007fffdaf51000 	C:\WINDOWS\System32\kernel.appcore.dll
0x00007fffdbaf0000 - 0x00007fffdbb07000 	C:\WINDOWS\System32\cryptsp.dll
0x00007fff76f40000 - 0x00007fff7721b000 	D:\Xilinx\Vivado\2020.1\lib\win64.o\libXil_lmgr11.dll
0x00007fffdc160000 - 0x00007fffdc230000 	C:\WINDOWS\System32\COMDLG32.dll
0x00007fffdcc60000 - 0x00007fffdcd25000 	C:\WINDOWS\System32\OLEAUT32.dll
0x00007fffdc8d0000 - 0x00007fffdca27000 	C:\WINDOWS\System32\ole32.dll
0x00007fffdc0a0000 - 0x00007fffdc0fc000 	C:\WINDOWS\System32\WINTRUST.dll
0x00007fffdafe0000 - 0x00007fffdaff2000 	C:\WINDOWS\System32\MSASN1.dll
0x00007fffdbdb0000 - 0x00007fffdbef9000 	C:\WINDOWS\System32\CRYPT32.dll
0x00007fffa0940000 - 0x00007fffa0a54000 	D:\Xilinx\Vivado\2020.1\lib\win64.o\libboost_regex.dll
0x00007fffb9a50000 - 0x00007fffb9a64000 	D:\Xilinx\Vivado\2020.1\lib\win64.o\libboost_date_time.dll
0x00007fff76bd0000 - 0x00007fff76f3e000 	D:\Xilinx\Vivado\2020.1\lib\win64.o\libCOIN-all.dll
0x00007fffb6bd0000 - 0x00007fffb6bf1000 	D:\Xilinx\Vivado\2020.1\lib\win64.o\libboost_thread.dll
0x00007fffc7000000 - 0x00007fffc700f000 	D:\Xilinx\Vivado\2020.1\lib\win64.o\libboost_xilinx.dll
0x00007fffb32f0000 - 0x00007fffb336f000 	D:\Xilinx\Vivado\2020.1\lib\win64.o\libboost_program_options.dll
0x00007fffaecf0000 - 0x00007fffaed72000 	D:\Xilinx\Vivado\2020.1\lib\win64.o\libhdlpsolve.dll
0x00007fffa1dd0000 - 0x00007fffa1e75000 	D:\Xilinx\Vivado\2020.1\lib\win64.o\libhdxml.dll
0x00007fffb3740000 - 0x00007fffb376e000 	D:\Xilinx\Vivado\2020.1\lib\win64.o\libisl_sysinfo.dll
0x00007fffb2c60000 - 0x00007fffb2cc5000 	D:\Xilinx\Vivado\2020.1\lib\win64.o\liblmx6.0.dll
0x00007fffb99b0000 - 0x00007fffb99ca000 	D:\Xilinx\Vivado\2020.1\lib\win64.o\pthreadVC2.dll
0x00007fffb83c0000 - 0x00007fffb83dc000 	D:\Xilinx\Vivado\2020.1\lib\win64.o\librdiconfig.dll
0x00007fffb32c0000 - 0x00007fffb32e1000 	D:\Xilinx\Vivado\2020.1\lib\win64.o\librdizlib.dll
0x00007fff75f10000 - 0x00007fff76bc5a00 	D:\Xilinx\Vivado\2020.1\lib\win64.o\libisl_iostreams.dll
0x00007fffc8320000 - 0x00007fffc87f5000 	C:\WINDOWS\SYSTEM32\WININET.dll
0x00007fffd0490000 - 0x00007fffd04a7000 	C:\WINDOWS\SYSTEM32\NETAPI32.dll
0x00007fffd3790000 - 0x00007fffd3880000 	C:\WINDOWS\SYSTEM32\WINHTTP.dll
0x00007fffd0890000 - 0x00007fffd0a66000 	C:\WINDOWS\SYSTEM32\urlmon.dll
0x00007fffc23e0000 - 0x00007fffc23e9000 	C:\WINDOWS\SYSTEM32\WSOCK32.dll
0x00007fffb2d00000 - 0x00007fffb2d28000 	C:\WINDOWS\SYSTEM32\VCOMP140.DLL
0x00007fffd2460000 - 0x00007fffd2509000 	C:\WINDOWS\WinSxS\amd64_microsoft.windows.common-controls_6595b64144ccf1df_5.82.18362.959_none_2a27bd024669d2fe\COMCTL32.dll
0x00007fffd4bf0000 - 0x00007fffd4c0c000 	C:\WINDOWS\SYSTEM32\dhcpcsvc.DLL
0x00007fffdd260000 - 0x00007fffdd268000 	C:\WINDOWS\System32\NSI.dll
0x00007fffbd120000 - 0x00007fffbd12d000 	D:\Xilinx\Vivado\2020.1\lib\win64.o\libboost_chrono.dll
0x00007fffb68c0000 - 0x00007fffb68db000 	D:\Xilinx\Vivado\2020.1\lib\win64.o\libboost_iostreams.dll
0x00007fffb2bd0000 - 0x00007fffb2bf5000 	D:\Xilinx\Vivado\2020.1\lib\win64.o\libisl_iosutils.dll
0x00007fffd0f50000 - 0x00007fffd11f6000 	C:\WINDOWS\SYSTEM32\iertutil.dll
0x00007fffda970000 - 0x00007fffda97c000 	C:\WINDOWS\SYSTEM32\CRYPTBASE.DLL
0x0000000012000000 - 0x0000000012270000 	D:\Xilinx\Vivado\2020.1\lib\win64.o\xerces-c_3_1.dll
0x00007fff75070000 - 0x00007fff75f01000 	D:\Xilinx\Vivado\2020.1\lib\win64.o\gurobi65.dll
0x00007fffda5c0000 - 0x00007fffda5cc000 	C:\WINDOWS\SYSTEM32\NETUTILS.DLL
0x00007fffda7a0000 - 0x00007fffda807000 	C:\WINDOWS\SYSTEM32\MSWSOCK.DLL
0x00007fffdc840000 - 0x00007fffdc86e000 	C:\WINDOWS\System32\IMM32.DLL
0x00007fff74b70000 - 0x00007fff7506c000 	D:\Xilinx\Vivado\2020.1\lib\win64.o\librdi_commontasks.dll
0x00007fffd5660000 - 0x00007fffd566a000 	C:\WINDOWS\SYSTEM32\VERSION.dll
0x00007fff74880000 - 0x00007fff74b64000 	D:\Xilinx\Vivado\2020.1\lib\win64.o\librdi_sio.dll
0x00007fffda4b0000 - 0x00007fffda4ea000 	C:\WINDOWS\SYSTEM32\IPHLPAPI.DLL
0x00000000697d0000 - 0x000000006a1f5000 	D:\Xilinx\Vivado\2020.1\tps\win64\jre9.0.4\bin\server\jvm.dll
0x00007fffdd250000 - 0x00007fffdd258000 	C:\WINDOWS\System32\PSAPI.DLL
0x00007fffd8a40000 - 0x00007fffd8a64000 	C:\WINDOWS\SYSTEM32\WINMM.dll
0x00007fffd8930000 - 0x00007fffd895d000 	C:\WINDOWS\SYSTEM32\WINMMBASE.dll
0x00007fffa0ea0000 - 0x00007fffa0f8f000 	C:\WINDOWS\SYSTEM32\MSVCR120.dll
0x00007fff721e0000 - 0x00007fff74875000 	D:\Xilinx\Vivado\2020.1\lib\win64.o\librdi_tcltasks.dll
0x00007fffa95c0000 - 0x00007fffa963b000 	D:\Xilinx\Vivado\2020.1\lib\win64.o\librdi_boarddep.dll
0x00007fff9e250000 - 0x00007fff9e346000 	D:\Xilinx\Vivado\2020.1\lib\win64.o\librdi_chipscope.dll
0x00007fff8fa30000 - 0x00007fff8fbe3000 	D:\Xilinx\Vivado\2020.1\lib\win64.o\librdi_board.dll
0x00007fff81b40000 - 0x00007fff81d01000 	D:\Xilinx\Vivado\2020.1\lib\win64.o\librdi_chipscopeimpl.dll
0x00007fff915a0000 - 0x00007fff916fb000 	D:\Xilinx\Vivado\2020.1\lib\win64.o\librdi_containers.dll
0x00007fff71d10000 - 0x00007fff721d6000 	D:\Xilinx\Vivado\2020.1\lib\win64.o\librdi_bitstream.dll
0x00007fff700e0000 - 0x00007fff71d0a000 	D:\Xilinx\Vivado\2020.1\lib\win64.o\librdi_constraints.dll
0x00007fff6fa00000 - 0x00007fff700d9000 	D:\Xilinx\Vivado\2020.1\lib\win64.o\librdi_coregenipxact.dll
0x00007fff6d890000 - 0x00007fff6f9fd000 	D:\Xilinx\Vivado\2020.1\lib\win64.o\librdi_coregen.dll
0x00007fff69560000 - 0x00007fff6d88e000 	D:\Xilinx\Vivado\2020.1\lib\win64.o\librdi_designutils.dll
0x00007fff69210000 - 0x00007fff6955b000 	D:\Xilinx\Vivado\2020.1\lib\win64.o\librdi_dlyest.dll
0x00007fffa0fc0000 - 0x00007fffa1084000 	D:\Xilinx\Vivado\2020.1\lib\win64.o\librdi_dsp.dll
0x00007fff50d20000 - 0x00007fff5133e000 	D:\Xilinx\Vivado\2020.1\lib\win64.o\librdi_drc.dll
0x00007fff51340000 - 0x00007fff69210000 	D:\Xilinx\Vivado\2020.1\lib\win64.o\librdi_device.dll
0x00007fff50690000 - 0x00007fff50d16000 	D:\Xilinx\Vivado\2020.1\lib\win64.o\librdi_filemgmt.dll
0x00007fffa90c0000 - 0x00007fffa9137000 	D:\Xilinx\Vivado\2020.1\lib\win64.o\librdi_hdf.dll
0x00007fff50430000 - 0x00007fff50685000 	D:\Xilinx\Vivado\2020.1\lib\win64.o\librdi_hip_devdesign.dll
0x00007fff8dea0000 - 0x00007fff8dfe8000 	D:\Xilinx\Vivado\2020.1\lib\win64.o\librdi_hip_perf_analysis.dll
0x00007fff50110000 - 0x00007fff5042c000 	D:\Xilinx\Vivado\2020.1\lib\win64.o\librdi_guitools.dll
0x00007fff9ea80000 - 0x00007fff9eaf4000 	D:\Xilinx\Vivado\2020.1\lib\win64.o\librdi_memoryarray.dll
0x00007fff4fad0000 - 0x00007fff5010e000 	D:\Xilinx\Vivado\2020.1\lib\win64.o\librdi_memdata.dll
0x00007fff4f3c0000 - 0x00007fff4fac3000 	D:\Xilinx\Vivado\2020.1\lib\win64.o\librdi_netlist.dll
0x00007fff4abf0000 - 0x00007fff4c53a000 	D:\Xilinx\Vivado\2020.1\lib\win64.o\librdi_implflow.dll
0x00007fffb2b50000 - 0x00007fffb2b9e000 	D:\Xilinx\Vivado\2020.1\lib\win64.o\librdi_pfi.dll
0x00007fff4c540000 - 0x00007fff4f3b7000 	D:\Xilinx\Vivado\2020.1\lib\win64.o\librdi_mig.dll
0x00007fff4a890000 - 0x00007fff4abe1000 	D:\Xilinx\Vivado\2020.1\lib\win64.o\librdi_platform.dll
0x00007fff4a150000 - 0x00007fff4a88c000 	D:\Xilinx\Vivado\2020.1\lib\win64.o\librdi_psta.dll
0x00007fff49910000 - 0x00007fff4a144000 	D:\Xilinx\Vivado\2020.1\lib\win64.o\librdi_power.dll
0x00007fff46d90000 - 0x00007fff49901000 	D:\Xilinx\Vivado\2020.1\lib\win64.o\librdi_place.dll
0x00007fff46620000 - 0x00007fff46d8f000 	D:\Xilinx\Vivado\2020.1\lib\win64.o\librdi_rsb.dll
0x00007fff46020000 - 0x00007fff46615000 	D:\Xilinx\Vivado\2020.1\lib\win64.o\librdi_project.dll
0x00007fff45b80000 - 0x00007fff4601a000 	D:\Xilinx\Vivado\2020.1\lib\win64.o\librdi_runs.dll
0x00007fff92ab0000 - 0x00007fff92bb8000 	D:\Xilinx\Vivado\2020.1\lib\win64.o\librdi_runsbase.dll
0x00007fff45900000 - 0x00007fff45b75000 	D:\Xilinx\Vivado\2020.1\lib\win64.o\librdi_simdata.dll
0x00007fff8f980000 - 0x00007fff8fa28000 	D:\Xilinx\Vivado\2020.1\lib\win64.o\librdi_xhubtasks.dll
0x00007fff45720000 - 0x00007fff458f3000 	D:\Xilinx\Vivado\2020.1\lib\win64.o\librdi_advchipscopeimpl.dll
0x00007fff45620000 - 0x00007fff4571f000 	D:\Xilinx\Vivado\2020.1\lib\win64.o\librdi_xhub.dll
0x00007fffa93a0000 - 0x00007fffa93ec000 	D:\Xilinx\Vivado\2020.1\lib\win64.o\libboost_serialization.dll
0x00007fff44710000 - 0x00007fff4561a000 	D:\Xilinx\Vivado\2020.1\lib\win64.o\librdi_timing.dll

VM Arguments:
jvm_args: -Dsun.java2d.pmoffscreen=false -Dsun.java2d.xrender=false -Dsun.java2d.d3d=false -Dsun.awt.nopixfmt=true -Dsun.java2d.dpiaware=true -Dsun.java2d.uiScale.enabled=false -Xverify:none -Dswing.aatext=true -XX:-UsePerfData -Djdk.map.althashing.threshold=512 -XX:StringTableSize=4072 --add-opens=java.base/java.nio=ALL-UNNAMED --add-opens=java.desktop/sun.swing=ALL-UNNAMED --add-opens=java.desktop/javax.swing=ALL-UNNAMED --add-opens=java.desktop/javax.swing.tree=ALL-UNNAMED --add-opens=java.desktop/javax.swing.plaf.basic=ALL-UNNAMED --add-opens=java.desktop/javax.swing.plaf.synth=ALL-UNNAMED --add-opens=java.desktop/com.sun.awt=ALL-UNNAMED -XX:NewSize=60m -XX:MaxNewSize=60m -Xms128m -Xmx3072m -Xss5m 
java_command: <unknown>
java_class_path (initial): D:/Xilinx/Vivado/2020.1\lib\classes\alloy.jar;D:/Xilinx/Vivado/2020.1\lib\classes\ArchiveSummary.jar;D:/Xilinx/Vivado/2020.1\lib\classes\autoesl-models.jar;D:/Xilinx/Vivado/2020.1\lib\classes\autopilot.scelaborator.jar;D:/Xilinx/Vivado/2020.1\lib\classes\autopilot.sourceprocessor.jar;D:/Xilinx/Vivado/2020.1\lib\classes\autopilot.tbprocessor.jar;D:/Xilinx/Vivado/2020.1\lib\classes\batik-anim.jar;D:/Xilinx/Vivado/2020.1\lib\classes\batik-awt-util.jar;D:/Xilinx/Vivado/2020.1\lib\classes\batik-bridge.jar;D:/Xilinx/Vivado/2020.1\lib\classes\batik-codec.jar;D:/Xilinx/Vivado/2020.1\lib\classes\batik-css.jar;D:/Xilinx/Vivado/2020.1\lib\classes\batik-dom.jar;D:/Xilinx/Vivado/2020.1\lib\classes\batik-ext.jar;D:/Xilinx/Vivado/2020.1\lib\classes\batik-gui-util.jar;D:/Xilinx/Vivado/2020.1\lib\classes\batik-gvt.jar;D:/Xilinx/Vivado/2020.1\lib\classes\batik-parser.jar;D:/Xilinx/Vivado/2020.1\lib\classes\batik-script.jar;D:/Xilinx/Vivado/2020.1\lib\classes\batik-svg-dom.jar;D:/Xilinx/Vivado/2020.1\lib\classes\batik-swing.jar;D:/Xilinx/Vivado/2020.1\lib\classes\batik-transcoder.jar;D:/Xilinx/Vivado/2020.1\lib\classes\batik-util.jar;D:/Xilinx/Vivado/2020.1\lib\classes\batik-xml.jar;D:/Xilinx/Vivado/2020.1\lib\classes\com.google.gson_2.8.2.v20180104-1110.jar;D:/Xilinx/Vivado/2020.1\lib\classes\com.google.guava_27.1.0.v20190517-1946.jar;D:/Xilinx/Vivado/2020.1\lib\classes\com.ibm.icu_4.4.2.v20110208.jar;D:/Xilinx/Vivado/2020.1\lib\classes\com.sigasi.hdt.connection_4.8.0.202004151336.jar;D:/Xilinx/Vivado/2020.1\lib\classes\com.sigasi.hdt.epl_4.8.0.202004151336.jar;D:/Xilinx/Vivado/2020.1\lib\classes\com.sigasi.hdt.project_4.8.0.202004151336.jar;D:/Xilinx/Vivado/2020.1\lib\classes\com.sigasi.hdt.readonlyfilesystem_4.8.0.202004151336.jar;D:/Xilinx/Vivado/2020.1\lib\classes\com.sigasi.lcm_4.8.0.202004151336.jar;D:/Xilinx/Vivado/2020.1\lib\classes\com.sigasi.sdk.client_4.8.0.202004151336.jar;D:/Xilinx/Vivado/2020.1\lib\classes\com.xilinx.hls.services.jar;D:/Xili
Launcher Type: generic

Logging:
Log output configuration:
#0: stdout all=warning uptime,level,tags
#1: stderr all=off uptime,level,tags

Environment Variables:
PATH=D:/Xilinx/Vivado/2020.1/bin;D:/Xilinx/Vivado/2020.1/lib/win64.o;D:/Xilinx/Vivado/2020.1/tps/win64/jre9.0.4/bin/server;D:/Xilinx/Vivado/2020.1/tps/win64/jre9.0.4/bin;D:/Xilinx/Vivado/2020.1/ids_lite/ISE/bin/nt64;D:/Xilinx/Vivado/2020.1/ids_lite/ISE/lib/nt64;D:\Xilinx\Vivado\2019.1\bin;C:\Program Files\Git\cmd;C:\Users\andy3\AppData\Local\Programs\Python\Python37\Scripts\;C:\Users\andy3\AppData\Local\Programs\Python\Python37\;C:\Users\andy3\AppData\Local\Microsoft\WindowsApps;C:\Users\andy3\AppData\Local\Programs\Microsoft VS Code\bin;C:\Program Files\heroku\bin;D:/Xilinx/Vivado/2020.1\tps\mingw\6.2.0\win64.o\nt\bin;D:/Xilinx/Vivado/2020.1\tps\mingw\6.2.0\win64.o\nt\libexec\gcc\x86_64-w64-mingw32\6.2.0;D:/Xilinx/Vivado/2020.1\tps\win64\python-2.7.16;D:/Xilinx/Vivado/2020.1\tps\win64\python-2.7.16\bin;D:/Xilinx/Vivado/2020.1\tps\win64\python-2.7.16\lib;D:/Xilinx/Vivado/2020.1\tps\win64\python-2.7.16\Lib\lib-tk;D:/Xilinx/Vivado/2020.1\tps\win64\python-2.7.16\lib\site-packages
USERNAME=andy3
OS=Windows_NT
PROCESSOR_IDENTIFIER=Intel64 Family 6 Model 60 Stepping 3, GenuineIntel



---------------  S Y S T E M  ---------------

OS: Windows 10 , 64 bit Build 18362 (10.0.18362.959)

CPU:total 8 (initial active 8) (4 cores per cpu, 2 threads per core) family 6 model 60 stepping 3, cmov, cx8, fxsr, mmx, sse, sse2, sse3, ssse3, sse4.1, sse4.2, popcnt, avx, avx2, aes, clmul, erms, lzcnt, ht, tsc, tscinvbit, bmi1, bmi2, fma

Memory: 4k page, physical 16453344k(741236k free), swap 29038696k(0k free)

vm_info: Java HotSpot(TM) 64-Bit Server VM (9.0.4+11) for windows-amd64 JRE (9.0.4+11), built on Dec 20 2017 02:18:54 by "mach5one" with MS VC++ 12.0 (VS2013)

END.
