#-----------------------------------------------------------
# Vivado v2020.1 (64-bit)
# SW Build 2902540 on Wed May 27 19:54:49 MDT 2020
# IP Build 2902112 on Wed May 27 22:43:36 MDT 2020
# Start of session at: Fri Aug 14 12:50:55 2020
# Process ID: 11616
# Current directory: C:/Users/andy3/Desktop/NeuralNetwork/Neural_Network
# Command line: vivado.exe -gui_launcher_event rodinguilauncherevent15572 C:\Users\andy3\Desktop\NeuralNetwork\Neural_Network\Neural_Network.xpr
# Log file: C:/Users/andy3/Desktop/NeuralNetwork/Neural_Network/vivado.log
# Journal file: C:/Users/andy3/Desktop/NeuralNetwork/Neural_Network\vivado.jou
#-----------------------------------------------------------
start_gui
open_project C:/Users/andy3/Desktop/NeuralNetwork/Neural_Network/Neural_Network.xpr
Scanning sources...
Finished scanning sources
INFO: [IP_Flow 19-234] Refreshing IP repositories
INFO: [IP_Flow 19-1704] No user IP repositories specified
INFO: [IP_Flow 19-2313] Loaded Vivado IP repository 'D:/Xilinx/Vivado/2020.1/data/ip'.
open_project: Time (s): cpu = 00:00:14 ; elapsed = 00:00:14 . Memory (MB): peak = 967.070 ; gain = 0.000
update_compile_order -fileset sources_1
reset_run synth_1
launch_runs impl_1 -to_step write_bitstream -jobs 4
[Fri Aug 14 13:06:45 2020] Launched synth_1...
Run output will be captured here: C:/Users/andy3/Desktop/NeuralNetwork/Neural_Network/Neural_Network.runs/synth_1/runme.log
[Fri Aug 14 13:06:45 2020] Launched impl_1...
Run output will be captured here: C:/Users/andy3/Desktop/NeuralNetwork/Neural_Network/Neural_Network.runs/impl_1/runme.log
reset_run synth_1
WARNING: [Vivado 12-1017] Problems encountered:
1. Failed to delete one or more files in run directory C:/Users/andy3/Desktop/NeuralNetwork/Neural_Network/Neural_Network.runs/synth_1

launch_runs impl_1 -to_step write_bitstream -jobs 4
[Fri Aug 14 13:09:35 2020] Launched synth_1...
Run output will be captured here: C:/Users/andy3/Desktop/NeuralNetwork/Neural_Network/Neural_Network.runs/synth_1/runme.log
[Fri Aug 14 13:09:35 2020] Launched impl_1...
Run output will be captured here: C:/Users/andy3/Desktop/NeuralNetwork/Neural_Network/Neural_Network.runs/impl_1/runme.log
export_ip_user_files -of_objects  [get_files C:/Users/andy3/Desktop/NeuralNetwork/Neural_Network/Neural_Network.srcs/sources_1/ip/blk_mem_gen_hidden_layer_weight_9x10/blk_mem_gen_hidden_layer_weight_9x10.xci] -no_script -reset -force -quiet
export_ip_user_files -of_objects  [get_files C:/Users/andy3/Desktop/NeuralNetwork/Neural_Network/Neural_Network.srcs/sources_1/ip/blk_mem_gen_input_layer_weight_785x8/blk_mem_gen_input_layer_weight_785x8.xci] -no_script -reset -force -quiet
export_ip_user_files -of_objects  [get_files C:/Users/andy3/Desktop/NeuralNetwork/Neural_Network/Neural_Network.srcs/sources_1/ip/blk_mem_gen_number_784/blk_mem_gen_number_784.xci] -no_script -reset -force -quiet
export_ip_user_files -of_objects  [get_files C:/Users/andy3/Desktop/NeuralNetwork/Neural_Network/Neural_Network.srcs/sources_1/ip/blk_mem_gen_testing_4x3/blk_mem_gen_testing_4x3.xci] -no_script -reset -force -quiet
remove_files  {C:/Users/andy3/Desktop/NeuralNetwork/Neural_Network/Neural_Network.srcs/sources_1/ip/blk_mem_gen_hidden_layer_weight_9x10/blk_mem_gen_hidden_layer_weight_9x10.xci C:/Users/andy3/Desktop/NeuralNetwork/Neural_Network/Neural_Network.srcs/sources_1/ip/blk_mem_gen_input_layer_weight_785x8/blk_mem_gen_input_layer_weight_785x8.xci C:/Users/andy3/Desktop/NeuralNetwork/Neural_Network/Neural_Network.srcs/sources_1/ip/blk_mem_gen_number_784/blk_mem_gen_number_784.xci C:/Users/andy3/Desktop/NeuralNetwork/Neural_Network/Neural_Network.srcs/sources_1/ip/blk_mem_gen_testing_4x3/blk_mem_gen_testing_4x3.xci}
file delete -force C:/Users/andy3/Desktop/NeuralNetwork/Neural_Network/Neural_Network.srcs/sources_1/ip/blk_mem_gen_hidden_layer_weight_9x10 C:/Users/andy3/Desktop/NeuralNetwork/Neural_Network/Neural_Network.srcs/sources_1/ip/blk_mem_gen_input_layer_weight_785x8 C:/Users/andy3/Desktop/NeuralNetwork/Neural_Network/Neural_Network.srcs/sources_1/ip/blk_mem_gen_number_784 C:/Users/andy3/Desktop/NeuralNetwork/Neural_Network/Neural_Network.srcs/sources_1/ip/blk_mem_gen_testing_4x3
reset_run synth_1
launch_runs impl_1 -to_step write_bitstream -jobs 4
[Fri Aug 14 13:15:54 2020] Launched synth_1...
Run output will be captured here: C:/Users/andy3/Desktop/NeuralNetwork/Neural_Network/Neural_Network.runs/synth_1/runme.log
[Fri Aug 14 13:15:54 2020] Launched impl_1...
Run output will be captured here: C:/Users/andy3/Desktop/NeuralNetwork/Neural_Network/Neural_Network.runs/impl_1/runme.log
open_run impl_1
INFO: [Device 21-403] Loading part xc7a35tcpg236-1
Netlist sorting complete. Time (s): cpu = 00:00:00 ; elapsed = 00:00:00.077 . Memory (MB): peak = 1183.824 ; gain = 0.000
INFO: [Netlist 29-17] Analyzing 752 Unisim elements for replacement
INFO: [Netlist 29-28] Unisim Transformation completed in 0 CPU seconds
INFO: [Project 1-479] Netlist was created with Vivado 2020.1
INFO: [Project 1-570] Preparing netlist for logic optimization
INFO: [Common 17-41] Interrupt caught. Command should exit soon.
INFO: [Timing 38-478] Restoring timing data from binary archive.
INFO: [Timing 38-479] Binary timing data restore complete.
INFO: [Project 1-856] Restoring constraints from binary archive.
INFO: [Project 1-853] Binary constraint restore complete.
Reading XDEF placement.
Reading placer database...
Reading XDEF routing.
Restored from archive | CPU: 0.000000 secs | Memory: 0.000000 MB |
Finished XDEF File Restore: Time (s): cpu = 00:00:00 ; elapsed = 00:00:00.368 . Memory (MB): peak = 1833.555 ; gain = 0.000
open_run: Time (s): cpu = 00:00:17 ; elapsed = 00:00:18 . Memory (MB): peak = 1833.555 ; gain = 866.484
INFO: [Common 17-344] 'open_run' was cancelled
open_run impl_1
Netlist sorting complete. Time (s): cpu = 00:00:00 ; elapsed = 00:00:00.070 . Memory (MB): peak = 1833.555 ; gain = 0.000
INFO: [Netlist 29-17] Analyzing 752 Unisim elements for replacement
INFO: [Netlist 29-28] Unisim Transformation completed in 0 CPU seconds
INFO: [Project 1-479] Netlist was created with Vivado 2020.1
INFO: [Project 1-570] Preparing netlist for logic optimization
INFO: [Timing 38-478] Restoring timing data from binary archive.
INFO: [Timing 38-479] Binary timing data restore complete.
INFO: [Project 1-856] Restoring constraints from binary archive.
INFO: [Project 1-853] Binary constraint restore complete.
Reading XDEF placement.
Reading placer database...
Reading XDEF routing.
Read XDEF File: Time (s): cpu = 00:00:01 ; elapsed = 00:00:00.774 . Memory (MB): peak = 1881.180 ; gain = 0.000
Restored from archive | CPU: 1.000000 secs | Memory: 0.000000 MB |
Finished XDEF File Restore: Time (s): cpu = 00:00:01 ; elapsed = 00:00:00.774 . Memory (MB): peak = 1881.180 ; gain = 0.000
Netlist sorting complete. Time (s): cpu = 00:00:00 ; elapsed = 00:00:00.002 . Memory (MB): peak = 1881.180 ; gain = 0.000
INFO: [Project 1-111] Unisim Transformation Summary:
  A total of 2 instances were transformed.
  IOBUF => IOBUF (IBUF, OBUFT): 2 instances

open_run: Time (s): cpu = 00:00:15 ; elapsed = 00:00:07 . Memory (MB): peak = 1961.449 ; gain = 127.895
CRITICAL WARNING: [Timing 38-282] The design failed to meet the timing requirements. Please see the timing summary report for details on the timing violations.
reset_run synth_1
launch_runs impl_1 -to_step write_bitstream -jobs 4
[Fri Aug 14 14:53:06 2020] Launched synth_1...
Run output will be captured here: C:/Users/andy3/Desktop/NeuralNetwork/Neural_Network/Neural_Network.runs/synth_1/runme.log
[Fri Aug 14 14:53:06 2020] Launched impl_1...
Run output will be captured here: C:/Users/andy3/Desktop/NeuralNetwork/Neural_Network/Neural_Network.runs/impl_1/runme.log
close_design
