#-----------------------------------------------------------
# Vivado v2020.1 (64-bit)
# SW Build 2902540 on Wed May 27 19:54:49 MDT 2020
# IP Build 2902112 on Wed May 27 22:43:36 MDT 2020
# Start of session at: Sun Sep 13 20:37:59 2020
# Process ID: 10540
# Current directory: C:/Users/andy3/Desktop/fpga-handwritten-number-classification-neural-network/Neural_Network
# Command line: vivado.exe -gui_launcher_event rodinguilauncherevent9784 C:\Users\andy3\Desktop\fpga-handwritten-number-classification-neural-network\Neural_Network\Neural_Network.xpr
# Log file: C:/Users/andy3/Desktop/fpga-handwritten-number-classification-neural-network/Neural_Network/vivado.log
# Journal file: C:/Users/andy3/Desktop/fpga-handwritten-number-classification-neural-network/Neural_Network\vivado.jou
#-----------------------------------------------------------
start_gui
open_project C:/Users/andy3/Desktop/fpga-handwritten-number-classification-neural-network/Neural_Network/Neural_Network.xpr
INFO: [ProjectBase 1-489] The host OS only allows 260 characters in a normal path. The project is stored in a path with more than 80 characters. If you experience issues with IP, Block Designs, or files not being found, please consider moving the project to a location with a shorter path. Alternately consider using the OS subst command to map part of the path to a drive letter.
Current project path is 'C:/Users/andy3/Desktop/fpga-handwritten-number-classification-neural-network/Neural_Network'
Scanning sources...
Finished scanning sources
INFO: [IP_Flow 19-234] Refreshing IP repositories
INFO: [IP_Flow 19-1704] No user IP repositories specified
INFO: [IP_Flow 19-2313] Loaded Vivado IP repository 'C:/Xilinx/Vivado/2020.1/data/ip'.
open_project: Time (s): cpu = 00:00:19 ; elapsed = 00:00:08 . Memory (MB): peak = 1015.617 ; gain = 0.000
update_compile_order -fileset sources_1
open_hw_manager
connect_hw_server -allow_non_jtag
INFO: [Labtools 27-2285] Connecting to hw_server url TCP:localhost:3121
INFO: [Labtools 27-2222] Launching hw_server...
INFO: [Labtools 27-2221] Launch Output:

****** Xilinx hw_server v2020.1
  **** Build date : May 27 2020 at 20:24:38
    ** Copyright 1986-2020 Xilinx, Inc. All Rights Reserved.


INFO: [Labtools 27-3415] Connecting to cs_server url TCP:localhost:3042
INFO: [Labtools 27-3417] Launching cs_server...
INFO: [Labtools 27-2221] Launch Output:


****** Xilinx cs_server v2020.1.0
  **** Build date : May 14 2020-09:10:29
    ** Copyright 2017-2020 Xilinx, Inc. All Rights Reserved.



connect_hw_server: Time (s): cpu = 00:00:01 ; elapsed = 00:00:11 . Memory (MB): peak = 1015.617 ; gain = 0.000
open_hw_target
INFO: [Labtoolstcl 44-466] Opening hw_target localhost:3121/xilinx_tcf/Digilent/210183711385A
open_hw_target: Time (s): cpu = 00:00:07 ; elapsed = 00:00:07 . Memory (MB): peak = 2203.520 ; gain = 1187.902
set_property PROGRAM.FILE {C:/Users/andy3/Desktop/fpga-handwritten-number-classification-neural-network/Neural_Network/Neural_Network.runs/impl_1/top.bit} [get_hw_devices xc7a35t_0]
current_hw_device [get_hw_devices xc7a35t_0]
refresh_hw_device -update_hw_probes false [lindex [get_hw_devices xc7a35t_0] 0]
INFO: [Labtools 27-1435] Device xc7a35t (JTAG device index = 0) is not programmed (DONE status = 0).
close_hw_manager
add_files -norecurse -scan_for_includes C:/Users/andy3/Desktop/fpga-handwritten-number-classification-neural-network/temp.v
import_files -norecurse C:/Users/andy3/Desktop/fpga-handwritten-number-classification-neural-network/temp.v
update_compile_order -fileset sources_1
export_ip_user_files -of_objects  [get_files C:/Users/andy3/Desktop/fpga-handwritten-number-classification-neural-network/Neural_Network/Neural_Network.srcs/sources_1/bd/design_1/design_1.bd] -no_script -reset -force -quiet
remove_files  C:/Users/andy3/Desktop/fpga-handwritten-number-classification-neural-network/Neural_Network/Neural_Network.srcs/sources_1/bd/design_1/design_1.bd
file delete -force C:/Users/andy3/Desktop/fpga-handwritten-number-classification-neural-network/Neural_Network/Neural_Network.srcs/sources_1/bd/design_1
exit
INFO: [Common 17-206] Exiting Vivado at Sun Sep 13 22:20:20 2020...
